              {
                "_index": "wazuh-alerts-4.x-2026.08.17",
                "_id": "VXxtDaABCrZkZBTEcHrv",
                "_score": null,
                "_source": {
                  "agent": {
                    "ip": "192.168.64.133",
                    "name": "DESKTOP-IC9GOIC",
                    "id": "001"
                  },
                  "manager": {
                    "name": "wazuh.manager"
                  },
                  "data": {
                    "win": {
                      "eventdata": {
                        "originalFileName": "RUNDLL32.EXE",
                        "image": "C:\\\\Windows\\\\System32\\\\rundll32.exe",
                        "product": "Microsoft® Windows® Operating System",
                        "parentProcessGuid": "{b4526b9f-69d4-6a82-4302-000000001000}",
                        "description": "Windows host process (Rundll32)",
                        "logonGuid": "{b4526b9f-6295-6a82-be23-040000000000}",
                        "parentCommandLine": "\\\"cmd.exe\\\" /c rundll32.exe pcwutl.dll,LaunchApplication %windir%\\\\System32\\\\notepad.exe",
                        "processGuid": "{b4526b9f-69d4-6a82-4502-000000001000}",
                        "logonId": "0x423be",
                        "parentProcessId": "6872",
                        "processId": "5776",
                        "currentDirectory": "C:\\\\Users\\\\Brian\\\\AppData\\\\Local\\\\Temp\\\\",
                        "utcTime": "2026-08-17 01:54:28.073",
                        "hashes": "MD5=5A43032AEBD51583832EF3E96F5C81DA,SHA256=076592CA1957F8F357CC201F0015072C612F5770AD7DE85F87F254253C754DD7,IMPHASH=F207A867D6098266EE63A3CA677EB0FF",
                        "parentImage": "C:\\\\Windows\\\\System32\\\\cmd.exe",
                        "company": "Microsoft Corporation",
                        "commandLine": "rundll32.exe  pcwutl.dll,LaunchApplication C:\\\\Windows\\\\System32\\\\notepad.exe",
                        "integrityLevel": "High",
                        "fileVersion": "10.0.19041.5794 (WinBuild.160101.0800)",
                        "user": "DESKTOP-IC9GOIC\\\\Brian",
                        "terminalSessionId": "1",
                        "parentUser": "DESKTOP-IC9GOIC\\\\Brian"
                      },
                      "system": {
                        "eventID": "1",
                        "keywords": "0x8000000000000000",
                        "providerGuid": "{5770385f-c22a-43e0-bf4c-06f5698ffbd9}",
                        "level": "4",
                        "channel": "Microsoft-Windows-Sysmon/Operational",
                        "opcode": "0",
                        "message": "\"Process Create:\r\nRuleName: -\r\nUtcTime: 2026-08-17 01:54:28.073\r\nProcessGuid: {b4526b9f-69d4-6a82-4502-000000001000}\r\nProcessId: 5776\r\nImage: C:\\Windows\\System32\\rundll32.exe\r\nFileVersion: 10.0.19041.5794 (WinBuild.160101.0800)\r\nDescription: Windows host process (Rundll32)\r\nProduct: Microsoft® Windows® Operating System\r\nCompany: Microsoft Corporation\r\nOriginalFileName: RUNDLL32.EXE\r\nCommandLine: rundll32.exe  pcwutl.dll,LaunchApplication C:\\Windows\\System32\\notepad.exe\r\nCurrentDirectory: C:\\Users\\Brian\\AppData\\Local\\Temp\\\r\nUser: DESKTOP-IC9GOIC\\Brian\r\nLogonGuid: {b4526b9f-6295-6a82-be23-040000000000}\r\nLogonId: 0x423BE\r\nTerminalSessionId: 1\r\nIntegrityLevel: High\r\nHashes: MD5=5A43032AEBD51583832EF3E96F5C81DA,SHA256=076592CA1957F8F357CC201F0015072C612F5770AD7DE85F87F254253C754DD7,IMPHASH=F207A867D6098266EE63A3CA677EB0FF\r\nParentProcessGuid: {b4526b9f-69d4-6a82-4302-000000001000}\r\nParentProcessId: 6872\r\nParentImage: C:\\Windows\\System32\\cmd.exe\r\nParentCommandLine: \"cmd.exe\" /c rundll32.exe pcwutl.dll,LaunchApplication %windir%\\System32\\notepad.exe\r\nParentUser: DESKTOP-IC9GOIC\\Brian\"",
                        "version": "5",
                        "systemTime": "2026-08-17T01:54:28.0803258Z",
                        "eventRecordID": "13204",
                        "threadID": "3688",
                        "computer": "DESKTOP-IC9GOIC",
                        "task": "1",
                        "processID": "2604",
                        "severityValue": "INFORMATION",
                        "providerName": "Microsoft-Windows-Sysmon"
                      }
                    }
                  },
                  "rule": {
                    "firedtimes": 1,
                    "mail": true,
                    "level": 12,
                    "description": "Rundll32 ejecutando una función conocida de proxy execution (LOLBin) — posible evasión de controles de ejecución de binarios",
                    "groups": [
                      "local",
                      "sysmon"
                    ],
                    "mitre": {
                      "technique": [
                        "Rundll32"
                      ],
                      "id": [
                        "T1218.011"
                      ],
                      "tactic": [
                        "Defense Evasion"
                      ]
                    },
                    "id": "100030"
                  },
                  "decoder": {
                    "name": "windows_eventchannel"
                  },
                  "full_log": "{\"win\":{\"system\":{\"providerName\":\"Microsoft-Windows-Sysmon\",\"providerGuid\":\"{5770385f-c22a-43e0-bf4c-06f5698ffbd9}\",\"eventID\":\"1\",\"version\":\"5\",\"level\":\"4\",\"task\":\"1\",\"opcode\":\"0\",\"keywords\":\"0x8000000000000000\",\"systemTime\":\"2026-08-17T01:54:28.0803258Z\",\"eventRecordID\":\"13204\",\"processID\":\"2604\",\"threadID\":\"3688\",\"channel\":\"Microsoft-Windows-Sysmon/Operational\",\"computer\":\"DESKTOP-IC9GOIC\",\"severityValue\":\"INFORMATION\",\"message\":\"\\\"Process Create:\\r\\nRuleName: -\\r\\nUtcTime: 2026-08-17 01:54:28.073\\r\\nProcessGuid: {b4526b9f-69d4-6a82-4502-000000001000}\\r\\nProcessId: 5776\\r\\nImage: C:\\\\Windows\\\\System32\\\\rundll32.exe\\r\\nFileVersion: 10.0.19041.5794 (WinBuild.160101.0800)\\r\\nDescription: Windows host process (Rundll32)\\r\\nProduct: Microsoft® Windows® Operating System\\r\\nCompany: Microsoft Corporation\\r\\nOriginalFileName: RUNDLL32.EXE\\r\\nCommandLine: rundll32.exe  pcwutl.dll,LaunchApplication C:\\\\Windows\\\\System32\\\\notepad.exe\\r\\nCurrentDirectory: C:\\\\Users\\\\Brian\\\\AppData\\\\Local\\\\Temp\\\\\\r\\nUser: DESKTOP-IC9GOIC\\\\Brian\\r\\nLogonGuid: {b4526b9f-6295-6a82-be23-040000000000}\\r\\nLogonId: 0x423BE\\r\\nTerminalSessionId: 1\\r\\nIntegrityLevel: High\\r\\nHashes: MD5=5A43032AEBD51583832EF3E96F5C81DA,SHA256=076592CA1957F8F357CC201F0015072C612F5770AD7DE85F87F254253C754DD7,IMPHASH=F207A867D6098266EE63A3CA677EB0FF\\r\\nParentProcessGuid: {b4526b9f-69d4-6a82-4302-000000001000}\\r\\nParentProcessId: 6872\\r\\nParentImage: C:\\\\Windows\\\\System32\\\\cmd.exe\\r\\nParentCommandLine: \\\"cmd.exe\\\" /c rundll32.exe pcwutl.dll,LaunchApplication %windir%\\\\System32\\\\notepad.exe\\r\\nParentUser: DESKTOP-IC9GOIC\\\\Brian\\\"\"},\"eventdata\":{\"utcTime\":\"2026-08-17 01:54:28.073\",\"processGuid\":\"{b4526b9f-69d4-6a82-4502-000000001000}\",\"processId\":\"5776\",\"image\":\"C:\\\\\\\\Windows\\\\\\\\System32\\\\\\\\rundll32.exe\",\"fileVersion\":\"10.0.19041.5794 (WinBuild.160101.0800)\",\"description\":\"Windows host process (Rundll32)\",\"product\":\"Microsoft® Windows® Operating System\",\"company\":\"Microsoft Corporation\",\"originalFileName\":\"RUNDLL32.EXE\",\"commandLine\":\"rundll32.exe  pcwutl.dll,LaunchApplication C:\\\\\\\\Windows\\\\\\\\System32\\\\\\\\notepad.exe\",\"currentDirectory\":\"C:\\\\\\\\Users\\\\\\\\Brian\\\\\\\\AppData\\\\\\\\Local\\\\\\\\Temp\\\\\\\\\",\"user\":\"DESKTOP-IC9GOIC\\\\\\\\Brian\",\"logonGuid\":\"{b4526b9f-6295-6a82-be23-040000000000}\",\"logonId\":\"0x423be\",\"terminalSessionId\":\"1\",\"integrityLevel\":\"High\",\"hashes\":\"MD5=5A43032AEBD51583832EF3E96F5C81DA,SHA256=076592CA1957F8F357CC201F0015072C612F5770AD7DE85F87F254253C754DD7,IMPHASH=F207A867D6098266EE63A3CA677EB0FF\",\"parentProcessGuid\":\"{b4526b9f-69d4-6a82-4302-000000001000}\",\"parentProcessId\":\"6872\",\"parentImage\":\"C:\\\\\\\\Windows\\\\\\\\System32\\\\\\\\cmd.exe\",\"parentCommandLine\":\"\\\\\\\"cmd.exe\\\\\\\" /c rundll32.exe pcwutl.dll,LaunchApplication %windir%\\\\\\\\System32\\\\\\\\notepad.exe\",\"parentUser\":\"DESKTOP-IC9GOIC\\\\\\\\Brian\"}}}",
                  "input": {
                    "type": "log"
                  },
                  "@timestamp": "2026-08-17T01:54:29.153Z",
                  "location": "EventChannel",
                  "id": "1786931669.886444",
                  "timestamp": "2026-08-17T01:54:29.153+0000"
                },
                "sort": [
                  1786931669153
                ]
              },
              {
                "_index": "wazuh-alerts-4.x-2026.08.17",
                "_id": "unw-DaABCrZkZBTEynnS",
                "_score": null,
                "_source": {
                  "agent": {
                    "ip": "192.168.64.133",
                    "name": "DESKTOP-IC9GOIC",
                    "id": "001"
                  },
                  "manager": {
                    "name": "wazuh.manager"
                  },
                  "data": {
                    "win": {
                      "eventdata": {
                        "originalFileName": "CertUtil.exe",
                        "image": "C:\\\\Users\\\\Brian\\\\AppData\\\\Local\\\\Temp\\\\tcm.tmp",
                        "product": "Microsoft® Windows® Operating System",
                        "parentProcessGuid": "{b4526b9f-5ddb-6a82-b301-000000000f00}",
                        "description": "CertUtil.exe",
                        "logonGuid": "{b4526b9f-59a4-6a82-b81b-090000000000}",
                        "parentCommandLine": "\\\"cmd.exe\\\" /c copy %windir%\\\\system32\\\\certutil.exe %temp%\\\\tcm.tmp &amp; %temp%\\\\tcm.tmp -encode C:\\\\Windows\\\\System32\\\\calc.exe %temp%\\\\T1140_calc2.txt &amp; %temp%\\\\tcm.tmp -decode %temp%\\\\T1140_calc2.txt %temp%\\\\T1140_calc2_decoded.exe",
                        "processGuid": "{b4526b9f-5ddb-6a82-b601-000000000f00}",
                        "logonId": "0x91bb8",
                        "parentProcessId": "5660",
                        "processId": "1100",
                        "currentDirectory": "C:\\\\Users\\\\Brian\\\\AppData\\\\Local\\\\Temp\\\\",
                        "utcTime": "2026-08-17 01:03:23.528",
                        "hashes": "MD5=E6384AD54B07F9783135586C71F82D1C,SHA256=FD1670B43E2D9188B12B233780BF043C5A90A67A2C6E3FCDC564A5C246531BC2,IMPHASH=5AFC8346D5AFF4A4862E8A7C91042465",
                        "parentImage": "C:\\\\Windows\\\\System32\\\\cmd.exe",
                        "company": "Microsoft Corporation",
                        "commandLine": "C:\\\\Users\\\\Brian\\\\AppData\\\\Local\\\\Temp\\\\tcm.tmp  -decode C:\\\\Users\\\\Brian\\\\AppData\\\\Local\\\\Temp\\\\T1140_calc2.txt C:\\\\Users\\\\Brian\\\\AppData\\\\Local\\\\Temp\\\\T1140_calc2_decoded.exe",
                        "integrityLevel": "High",
                        "fileVersion": "10.0.19041.5794 (WinBuild.160101.0800)",
                        "user": "DESKTOP-IC9GOIC\\\\Brian",
                        "terminalSessionId": "1",
                        "parentUser": "DESKTOP-IC9GOIC\\\\Brian"
                      },
                      "system": {
                        "eventID": "1",
                        "keywords": "0x8000000000000000",
                        "providerGuid": "{5770385f-c22a-43e0-bf4c-06f5698ffbd9}",
                        "level": "4",
                        "channel": "Microsoft-Windows-Sysmon/Operational",
                        "opcode": "0",
                        "message": "\"Process Create:\r\nRuleName: -\r\nUtcTime: 2026-08-17 01:03:23.528\r\nProcessGuid: {b4526b9f-5ddb-6a82-b601-000000000f00}\r\nProcessId: 1100\r\nImage: C:\\Users\\Brian\\AppData\\Local\\Temp\\tcm.tmp\r\nFileVersion: 10.0.19041.5794 (WinBuild.160101.0800)\r\nDescription: CertUtil.exe\r\nProduct: Microsoft® Windows® Operating System\r\nCompany: Microsoft Corporation\r\nOriginalFileName: CertUtil.exe\r\nCommandLine: C:\\Users\\Brian\\AppData\\Local\\Temp\\tcm.tmp  -decode C:\\Users\\Brian\\AppData\\Local\\Temp\\T1140_calc2.txt C:\\Users\\Brian\\AppData\\Local\\Temp\\T1140_calc2_decoded.exe\r\nCurrentDirectory: C:\\Users\\Brian\\AppData\\Local\\Temp\\\r\nUser: DESKTOP-IC9GOIC\\Brian\r\nLogonGuid: {b4526b9f-59a4-6a82-b81b-090000000000}\r\nLogonId: 0x91BB8\r\nTerminalSessionId: 1\r\nIntegrityLevel: High\r\nHashes: MD5=E6384AD54B07F9783135586C71F82D1C,SHA256=FD1670B43E2D9188B12B233780BF043C5A90A67A2C6E3FCDC564A5C246531BC2,IMPHASH=5AFC8346D5AFF4A4862E8A7C91042465\r\nParentProcessGuid: {b4526b9f-5ddb-6a82-b301-000000000f00}\r\nParentProcessId: 5660\r\nParentImage: C:\\Windows\\System32\\cmd.exe\r\nParentCommandLine: \"cmd.exe\" /c copy %windir%\\system32\\certutil.exe %temp%\\tcm.tmp & %temp%\\tcm.tmp -encode C:\\Windows\\System32\\calc.exe %temp%\\T1140_calc2.txt & %temp%\\tcm.tmp -decode %temp%\\T1140_calc2.txt %temp%\\T1140_calc2_decoded.exe\r\nParentUser: DESKTOP-IC9GOIC\\Brian\"",
                        "version": "5",
                        "systemTime": "2026-08-17T01:03:23.5344185Z",
                        "eventRecordID": "12018",
                        "threadID": "4248",
                        "computer": "DESKTOP-IC9GOIC",
                        "task": "1",
                        "processID": "2856",
                        "severityValue": "INFORMATION",
                        "providerName": "Microsoft-Windows-Sysmon"
                      }
                    }
                  },
                  "rule": {
                    "firedtimes": 1,
                    "mail": true,
                    "level": 13,
                    "description": "Masqueraded CertUtil.exe used to decode binary file",
                    "groups": [
                      "sysmon",
                      "sysmon_eid1_detections",
                      "windows"
                    ],
                    "mitre": {
                      "technique": [
                        "Rename System Utilities",
                        "Deobfuscate/Decode Files or Information"
                      ],
                      "id": [
                        "T1036.003",
                        "T1140"
                      ],
                      "tactic": [
                        "Defense Evasion"
                      ]
                    },
                    "id": "92017"
                  },
                  "decoder": {
                    "name": "windows_eventchannel"
                  },
                  "input": {
                    "type": "log"
                  },
                  "@timestamp": "2026-08-17T01:03:25.517Z",
                  "location": "EventChannel",
                  "id": "1786928605.392718",
                  "timestamp": "2026-08-17T01:03:25.517+0000"
                },
                "sort": [
                  1786928605517
                ]
              },
              {
                "_index": "wazuh-alerts-4.x-2026.08.17",
                "_id": "uXw-DaABCrZkZBTEynnS",
                "_score": null,
                "_source": {
                  "agent": {
                    "ip": "192.168.64.133",
                    "name": "DESKTOP-IC9GOIC",
                    "id": "001"
                  },
                  "manager": {
                    "name": "wazuh.manager"
                  },
                  "data": {
                    "win": {
                      "eventdata": {
                        "originalFileName": "CertUtil.exe",
                        "image": "C:\\\\Users\\\\Brian\\\\AppData\\\\Local\\\\Temp\\\\tcm.tmp",
                        "product": "Microsoft® Windows® Operating System",
                        "parentProcessGuid": "{b4526b9f-5ddb-6a82-b301-000000000f00}",
                        "description": "CertUtil.exe",
                        "logonGuid": "{b4526b9f-59a4-6a82-b81b-090000000000}",
                        "parentCommandLine": "\\\"cmd.exe\\\" /c copy %windir%\\\\system32\\\\certutil.exe %temp%\\\\tcm.tmp &amp; %temp%\\\\tcm.tmp -encode C:\\\\Windows\\\\System32\\\\calc.exe %temp%\\\\T1140_calc2.txt &amp; %temp%\\\\tcm.tmp -decode %temp%\\\\T1140_calc2.txt %temp%\\\\T1140_calc2_decoded.exe",
                        "processGuid": "{b4526b9f-5ddb-6a82-b501-000000000f00}",
                        "logonId": "0x91bb8",
                        "parentProcessId": "5660",
                        "processId": "6036",
                        "currentDirectory": "C:\\\\Users\\\\Brian\\\\AppData\\\\Local\\\\Temp\\\\",
                        "utcTime": "2026-08-17 01:03:23.486",
                        "hashes": "MD5=E6384AD54B07F9783135586C71F82D1C,SHA256=FD1670B43E2D9188B12B233780BF043C5A90A67A2C6E3FCDC564A5C246531BC2,IMPHASH=5AFC8346D5AFF4A4862E8A7C91042465",
                        "parentImage": "C:\\\\Windows\\\\System32\\\\cmd.exe",
                        "company": "Microsoft Corporation",
                        "commandLine": "C:\\\\Users\\\\Brian\\\\AppData\\\\Local\\\\Temp\\\\tcm.tmp  -encode C:\\\\Windows\\\\System32\\\\calc.exe C:\\\\Users\\\\Brian\\\\AppData\\\\Local\\\\Temp\\\\T1140_calc2.txt",
                        "integrityLevel": "High",
                        "fileVersion": "10.0.19041.5794 (WinBuild.160101.0800)",
                        "user": "DESKTOP-IC9GOIC\\\\Brian",
                        "terminalSessionId": "1",
                        "parentUser": "DESKTOP-IC9GOIC\\\\Brian"
                      },
                      "system": {
                        "eventID": "1",
                        "keywords": "0x8000000000000000",
                        "providerGuid": "{5770385f-c22a-43e0-bf4c-06f5698ffbd9}",
                        "level": "4",
                        "channel": "Microsoft-Windows-Sysmon/Operational",
                        "opcode": "0",
                        "message": "\"Process Create:\r\nRuleName: -\r\nUtcTime: 2026-08-17 01:03:23.486\r\nProcessGuid: {b4526b9f-5ddb-6a82-b501-000000000f00}\r\nProcessId: 6036\r\nImage: C:\\Users\\Brian\\AppData\\Local\\Temp\\tcm.tmp\r\nFileVersion: 10.0.19041.5794 (WinBuild.160101.0800)\r\nDescription: CertUtil.exe\r\nProduct: Microsoft® Windows® Operating System\r\nCompany: Microsoft Corporation\r\nOriginalFileName: CertUtil.exe\r\nCommandLine: C:\\Users\\Brian\\AppData\\Local\\Temp\\tcm.tmp  -encode C:\\Windows\\System32\\calc.exe C:\\Users\\Brian\\AppData\\Local\\Temp\\T1140_calc2.txt \r\nCurrentDirectory: C:\\Users\\Brian\\AppData\\Local\\Temp\\\r\nUser: DESKTOP-IC9GOIC\\Brian\r\nLogonGuid: {b4526b9f-59a4-6a82-b81b-090000000000}\r\nLogonId: 0x91BB8\r\nTerminalSessionId: 1\r\nIntegrityLevel: High\r\nHashes: MD5=E6384AD54B07F9783135586C71F82D1C,SHA256=FD1670B43E2D9188B12B233780BF043C5A90A67A2C6E3FCDC564A5C246531BC2,IMPHASH=5AFC8346D5AFF4A4862E8A7C91042465\r\nParentProcessGuid: {b4526b9f-5ddb-6a82-b301-000000000f00}\r\nParentProcessId: 5660\r\nParentImage: C:\\Windows\\System32\\cmd.exe\r\nParentCommandLine: \"cmd.exe\" /c copy %windir%\\system32\\certutil.exe %temp%\\tcm.tmp & %temp%\\tcm.tmp -encode C:\\Windows\\System32\\calc.exe %temp%\\T1140_calc2.txt & %temp%\\tcm.tmp -decode %temp%\\T1140_calc2.txt %temp%\\T1140_calc2_decoded.exe\r\nParentUser: DESKTOP-IC9GOIC\\Brian\"",
                        "version": "5",
                        "systemTime": "2026-08-17T01:03:23.4987057Z",
                        "eventRecordID": "12016",
                        "threadID": "4248",
                        "computer": "DESKTOP-IC9GOIC",
                        "task": "1",
                        "processID": "2856",
                        "severityValue": "INFORMATION",
                        "providerName": "Microsoft-Windows-Sysmon"
                      }
                    }
                  },
                  "rule": {
                    "firedtimes": 1,
                    "mail": true,
                    "level": 13,
                    "description": "Masqueraded CertUtil.exe with a different file name. Possible use to decode malware",
                    "groups": [
                      "sysmon",
                      "sysmon_eid1_detections",
                      "windows"
                    ],
                    "mitre": {
                      "technique": [
                        "Rename System Utilities",
                        "Deobfuscate/Decode Files or Information"
                      ],
                      "id": [
                        "T1036.003",
                        "T1140"
                      ],
                      "tactic": [
                        "Defense Evasion"
                      ]
                    },
                    "id": "92016"
                  },
                  "decoder": {
                    "name": "windows_eventchannel"
                  },
                  "input": {
                    "type": "log"
                  },
                  "@timestamp": "2026-08-17T01:03:25.486Z",
                  "location": "EventChannel",
                  "id": "1786928605.385809",
                  "timestamp": "2026-08-17T01:03:25.486+0000"
                },
                "sort": [
                  1786928605486
                ]
              },
              {
                "_index": "wazuh-alerts-4.x-2026.08.16",
                "_id": "z5K_C6AB5pY31xNMqhuk",
                "_score": null,
                "_source": {
                  "agent": {
                    "ip": "192.168.64.133",
                    "name": "DESKTOP-IC9GOIC",
                    "id": "001"
                  },
                  "manager": {
                    "name": "wazuh.manager"
                  },
                  "data": {
                    "win": {
                      "eventdata": {
                        "originalFileName": "PowerShell.EXE",
                        "image": "C:\\\\Windows\\\\System32\\\\WindowsPowerShell\\\\v1.0\\\\powershell.exe",
                        "product": "Microsoft® Windows® Operating System",
                        "parentProcessGuid": "{b4526b9f-f711-6a81-7700-000000000e00}",
                        "description": "Windows PowerShell",
                        "logonGuid": "{b4526b9f-f7aa-6a81-d21b-230000000000}",
                        "parentCommandLine": "C:\\\\Windows\\\\system32\\\\wbem\\\\wmiprvse.exe -secured -Embedding",
                        "processGuid": "{b4526b9f-fbce-6a81-6002-000000000e00}",
                        "logonId": "0x231bd2",
                        "parentProcessId": "4912",
                        "processId": "6128",
                        "currentDirectory": "C:\\\\Windows\\\\system32\\\\",
                        "utcTime": "2026-08-16 18:05:02.766",
                        "hashes": "MD5=2E5A8590CF6848968FC23DE3FA1E25F1,SHA256=9785001B0DCF755EDDB8AF294A373C0B87B2498660F724E76C4D53F9C217C7A3,IMPHASH=3D08F4848535206D772DE145804FF4B6",
                        "parentImage": "C:\\\\Windows\\\\System32\\\\wbem\\\\WmiPrvSE.exe",
                        "company": "Microsoft Corporation",
                        "commandLine": "powershell.exe -NoProfile -E VwByAGkAdABlAC0ASABvAHMAdAAgADYAYgAxAGYANgAxAGUANQAtADAAZABmADcALQA0ADkAMwAwAC0AYgBmADIANgAtAGUANAAzADYAMAA0ADEAZABhADEANwA3AA==",
                        "integrityLevel": "High",
                        "fileVersion": "10.0.19041.3996 (WinBuild.160101.0800)",
                        "user": "DESKTOP-IC9GOIC\\\\Brian",
                        "terminalSessionId": "1",
                        "parentUser": "NT AUTHORITY\\\\Servicio de red"
                      },
                      "system": {
                        "eventID": "1",
                        "keywords": "0x8000000000000000",
                        "providerGuid": "{5770385f-c22a-43e0-bf4c-06f5698ffbd9}",
                        "level": "4",
                        "channel": "Microsoft-Windows-Sysmon/Operational",
                        "opcode": "0",
                        "message": "\"Process Create:\r\nRuleName: -\r\nUtcTime: 2026-08-16 18:05:02.766\r\nProcessGuid: {b4526b9f-fbce-6a81-6002-000000000e00}\r\nProcessId: 6128\r\nImage: C:\\Windows\\System32\\WindowsPowerShell\\v1.0\\powershell.exe\r\nFileVersion: 10.0.19041.3996 (WinBuild.160101.0800)\r\nDescription: Windows PowerShell\r\nProduct: Microsoft® Windows® Operating System\r\nCompany: Microsoft Corporation\r\nOriginalFileName: PowerShell.EXE\r\nCommandLine: powershell.exe -NoProfile -E VwByAGkAdABlAC0ASABvAHMAdAAgADYAYgAxAGYANgAxAGUANQAtADAAZABmADcALQA0ADkAMwAwAC0AYgBmADIANgAtAGUANAAzADYAMAA0ADEAZABhADEANwA3AA==\r\nCurrentDirectory: C:\\Windows\\system32\\\r\nUser: DESKTOP-IC9GOIC\\Brian\r\nLogonGuid: {b4526b9f-f7aa-6a81-d21b-230000000000}\r\nLogonId: 0x231BD2\r\nTerminalSessionId: 1\r\nIntegrityLevel: High\r\nHashes: MD5=2E5A8590CF6848968FC23DE3FA1E25F1,SHA256=9785001B0DCF755EDDB8AF294A373C0B87B2498660F724E76C4D53F9C217C7A3,IMPHASH=3D08F4848535206D772DE145804FF4B6\r\nParentProcessGuid: {b4526b9f-f711-6a81-7700-000000000e00}\r\nParentProcessId: 4912\r\nParentImage: C:\\Windows\\System32\\wbem\\WmiPrvSE.exe\r\nParentCommandLine: C:\\Windows\\system32\\wbem\\wmiprvse.exe -secured -Embedding\r\nParentUser: NT AUTHORITY\\Servicio de red\"",
                        "version": "5",
                        "systemTime": "2026-08-16T18:05:02.8016692Z",
                        "eventRecordID": "11566",
                        "threadID": "5012",
                        "computer": "DESKTOP-IC9GOIC",
                        "task": "1",
                        "processID": "2636",
                        "severityValue": "INFORMATION",
                        "providerName": "Microsoft-Windows-Sysmon"
                      }
                    }
                  },
                  "rule": {
                    "firedtimes": 1,
                    "mail": true,
                    "level": 12,
                    "description": "Ejecución de PowerShell con comando codificado en Base64 (cualquier proceso padre)",
                    "groups": [
                      "local",
                      "sysmon"
                    ],
                    "mitre": {
                      "technique": [
                        "PowerShell"
                      ],
                      "id": [
                        "T1059.001"
                      ],
                      "tactic": [
                        "Execution"
                      ]
                    },
                    "id": "100020"
                  },
                  "decoder": {
                    "name": "windows_eventchannel"
                  },
                  "full_log": "{\"win\":{\"system\":{\"providerName\":\"Microsoft-Windows-Sysmon\",\"providerGuid\":\"{5770385f-c22a-43e0-bf4c-06f5698ffbd9}\",\"eventID\":\"1\",\"version\":\"5\",\"level\":\"4\",\"task\":\"1\",\"opcode\":\"0\",\"keywords\":\"0x8000000000000000\",\"systemTime\":\"2026-08-16T18:05:02.8016692Z\",\"eventRecordID\":\"11566\",\"processID\":\"2636\",\"threadID\":\"5012\",\"channel\":\"Microsoft-Windows-Sysmon/Operational\",\"computer\":\"DESKTOP-IC9GOIC\",\"severityValue\":\"INFORMATION\",\"message\":\"\\\"Process Create:\\r\\nRuleName: -\\r\\nUtcTime: 2026-08-16 18:05:02.766\\r\\nProcessGuid: {b4526b9f-fbce-6a81-6002-000000000e00}\\r\\nProcessId: 6128\\r\\nImage: C:\\\\Windows\\\\System32\\\\WindowsPowerShell\\\\v1.0\\\\powershell.exe\\r\\nFileVersion: 10.0.19041.3996 (WinBuild.160101.0800)\\r\\nDescription: Windows PowerShell\\r\\nProduct: Microsoft® Windows® Operating System\\r\\nCompany: Microsoft Corporation\\r\\nOriginalFileName: PowerShell.EXE\\r\\nCommandLine: powershell.exe -NoProfile -E VwByAGkAdABlAC0ASABvAHMAdAAgADYAYgAxAGYANgAxAGUANQAtADAAZABmADcALQA0ADkAMwAwAC0AYgBmADIANgAtAGUANAAzADYAMAA0ADEAZABhADEANwA3AA==\\r\\nCurrentDirectory: C:\\\\Windows\\\\system32\\\\\\r\\nUser: DESKTOP-IC9GOIC\\\\Brian\\r\\nLogonGuid: {b4526b9f-f7aa-6a81-d21b-230000000000}\\r\\nLogonId: 0x231BD2\\r\\nTerminalSessionId: 1\\r\\nIntegrityLevel: High\\r\\nHashes: MD5=2E5A8590CF6848968FC23DE3FA1E25F1,SHA256=9785001B0DCF755EDDB8AF294A373C0B87B2498660F724E76C4D53F9C217C7A3,IMPHASH=3D08F4848535206D772DE145804FF4B6\\r\\nParentProcessGuid: {b4526b9f-f711-6a81-7700-000000000e00}\\r\\nParentProcessId: 4912\\r\\nParentImage: C:\\\\Windows\\\\System32\\\\wbem\\\\WmiPrvSE.exe\\r\\nParentCommandLine: C:\\\\Windows\\\\system32\\\\wbem\\\\wmiprvse.exe -secured -Embedding\\r\\nParentUser: NT AUTHORITY\\\\Servicio de red\\\"\"},\"eventdata\":{\"utcTime\":\"2026-08-16 18:05:02.766\",\"processGuid\":\"{b4526b9f-fbce-6a81-6002-000000000e00}\",\"processId\":\"6128\",\"image\":\"C:\\\\\\\\Windows\\\\\\\\System32\\\\\\\\WindowsPowerShell\\\\\\\\v1.0\\\\\\\\powershell.exe\",\"fileVersion\":\"10.0.19041.3996 (WinBuild.160101.0800)\",\"description\":\"Windows PowerShell\",\"product\":\"Microsoft® Windows® Operating System\",\"company\":\"Microsoft Corporation\",\"originalFileName\":\"PowerShell.EXE\",\"commandLine\":\"powershell.exe -NoProfile -E VwByAGkAdABlAC0ASABvAHMAdAAgADYAYgAxAGYANgAxAGUANQAtADAAZABmADcALQA0ADkAMwAwAC0AYgBmADIANgAtAGUANAAzADYAMAA0ADEAZABhADEANwA3AA==\",\"currentDirectory\":\"C:\\\\\\\\Windows\\\\\\\\system32\\\\\\\\\",\"user\":\"DESKTOP-IC9GOIC\\\\\\\\Brian\",\"logonGuid\":\"{b4526b9f-f7aa-6a81-d21b-230000000000}\",\"logonId\":\"0x231bd2\",\"terminalSessionId\":\"1\",\"integrityLevel\":\"High\",\"hashes\":\"MD5=2E5A8590CF6848968FC23DE3FA1E25F1,SHA256=9785001B0DCF755EDDB8AF294A373C0B87B2498660F724E76C4D53F9C217C7A3,IMPHASH=3D08F4848535206D772DE145804FF4B6\",\"parentProcessGuid\":\"{b4526b9f-f711-6a81-7700-000000000e00}\",\"parentProcessId\":\"4912\",\"parentImage\":\"C:\\\\\\\\Windows\\\\\\\\System32\\\\\\\\wbem\\\\\\\\WmiPrvSE.exe\",\"parentCommandLine\":\"C:\\\\\\\\Windows\\\\\\\\system32\\\\\\\\wbem\\\\\\\\wmiprvse.exe -secured -Embedding\",\"parentUser\":\"NT AUTHORITY\\\\\\\\Servicio de red\"}}}",
                  "input": {
                    "type": "log"
                  },
                  "@timestamp": "2026-08-16T18:05:03.949Z",
                  "location": "EventChannel",
                  "id": "1786903503.13550731",
                  "timestamp": "2026-08-16T18:05:03.949+0000"
                },
                "sort": [
                  1786903503949
                ]
              },
              {
                "_index": "wazuh-alerts-4.x-2026.08.16",
                "_id": "cJK0C6AB5pY31xNM_xsv",
                "_score": null,
                "_source": {
                  "agent": {
                    "ip": "192.168.64.133",
                    "name": "DESKTOP-IC9GOIC",
                    "id": "001"
                  },
                  "manager": {
                    "name": "wazuh.manager"
                  },
                  "data": {
                    "win": {
                      "eventdata": {
                        "originalFileName": "PowerShell.EXE",
                        "image": "C:\\\\Windows\\\\System32\\\\WindowsPowerShell\\\\v1.0\\\\powershell.exe",
                        "product": "Microsoft® Windows® Operating System",
                        "parentProcessGuid": "{b4526b9f-f711-6a81-7700-000000000e00}",
                        "description": "Windows PowerShell",
                        "logonGuid": "{b4526b9f-f7aa-6a81-d21b-230000000000}",
                        "parentCommandLine": "C:\\\\Windows\\\\system32\\\\wbem\\\\wmiprvse.exe -secured -Embedding",
                        "processGuid": "{b4526b9f-f913-6a81-7501-000000000e00}",
                        "logonId": "0x231bd2",
                        "parentProcessId": "4912",
                        "processId": "9196",
                        "currentDirectory": "C:\\\\Windows\\\\system32\\\\",
                        "utcTime": "2026-08-16 17:53:23.160",
                        "hashes": "MD5=2E5A8590CF6848968FC23DE3FA1E25F1,SHA256=9785001B0DCF755EDDB8AF294A373C0B87B2498660F724E76C4D53F9C217C7A3,IMPHASH=3D08F4848535206D772DE145804FF4B6",
                        "parentImage": "C:\\\\Windows\\\\System32\\\\wbem\\\\WmiPrvSE.exe",
                        "company": "Microsoft Corporation",
                        "commandLine": "powershell.exe -NoProfile -E VwByAGkAdABlAC0ASABvAHMAdAAgAGUAYgAyADEAZABlADQANwAtAGYAMwA1ADkALQA0ADgAOQA5AC0AOQBjAGEAOQAtADQAMgBkADQAYwAwADcAZgA1AGYAYQAzAA==",
                        "integrityLevel": "High",
                        "fileVersion": "10.0.19041.3996 (WinBuild.160101.0800)",
                        "user": "DESKTOP-IC9GOIC\\\\Brian",
                        "terminalSessionId": "1",
                        "parentUser": "NT AUTHORITY\\\\Servicio de red"
                      },
                      "system": {
                        "eventID": "1",
                        "keywords": "0x8000000000000000",
                        "providerGuid": "{5770385f-c22a-43e0-bf4c-06f5698ffbd9}",
                        "level": "4",
                        "channel": "Microsoft-Windows-Sysmon/Operational",
                        "opcode": "0",
                        "message": "\"Process Create:\r\nRuleName: -\r\nUtcTime: 2026-08-16 17:53:23.160\r\nProcessGuid: {b4526b9f-f913-6a81-7501-000000000e00}\r\nProcessId: 9196\r\nImage: C:\\Windows\\System32\\WindowsPowerShell\\v1.0\\powershell.exe\r\nFileVersion: 10.0.19041.3996 (WinBuild.160101.0800)\r\nDescription: Windows PowerShell\r\nProduct: Microsoft® Windows® Operating System\r\nCompany: Microsoft Corporation\r\nOriginalFileName: PowerShell.EXE\r\nCommandLine: powershell.exe -NoProfile -E VwByAGkAdABlAC0ASABvAHMAdAAgAGUAYgAyADEAZABlADQANwAtAGYAMwA1ADkALQA0ADgAOQA5AC0AOQBjAGEAOQAtADQAMgBkADQAYwAwADcAZgA1AGYAYQAzAA==\r\nCurrentDirectory: C:\\Windows\\system32\\\r\nUser: DESKTOP-IC9GOIC\\Brian\r\nLogonGuid: {b4526b9f-f7aa-6a81-d21b-230000000000}\r\nLogonId: 0x231BD2\r\nTerminalSessionId: 1\r\nIntegrityLevel: High\r\nHashes: MD5=2E5A8590CF6848968FC23DE3FA1E25F1,SHA256=9785001B0DCF755EDDB8AF294A373C0B87B2498660F724E76C4D53F9C217C7A3,IMPHASH=3D08F4848535206D772DE145804FF4B6\r\nParentProcessGuid: {b4526b9f-f711-6a81-7700-000000000e00}\r\nParentProcessId: 4912\r\nParentImage: C:\\Windows\\System32\\wbem\\WmiPrvSE.exe\r\nParentCommandLine: C:\\Windows\\system32\\wbem\\wmiprvse.exe -secured -Embedding\r\nParentUser: NT AUTHORITY\\Servicio de red\"",
                        "version": "5",
                        "systemTime": "2026-08-16T17:53:23.1719869Z",
                        "eventRecordID": "9007",
                        "threadID": "5012",
                        "computer": "DESKTOP-IC9GOIC",
                        "task": "1",
                        "processID": "2636",
                        "severityValue": "INFORMATION",
                        "providerName": "Microsoft-Windows-Sysmon"
                      }
                    }
                  },
                  "rule": {
                    "firedtimes": 1,
                    "mail": true,
                    "level": 12,
                    "description": "Ejecución de PowerShell con comando codificado en Base64 (cualquier proceso padre)",
                    "groups": [
                      "local",
                      "sysmon"
                    ],
                    "mitre": {
                      "technique": [
                        "PowerShell"
                      ],
                      "id": [
                        "T1059.001"
                      ],
                      "tactic": [
                        "Execution"
                      ]
                    },
                    "id": "100020"
                  },
                  "decoder": {
                    "name": "windows_eventchannel"
                  },
                  "full_log": "{\"win\":{\"system\":{\"providerName\":\"Microsoft-Windows-Sysmon\",\"providerGuid\":\"{5770385f-c22a-43e0-bf4c-06f5698ffbd9}\",\"eventID\":\"1\",\"version\":\"5\",\"level\":\"4\",\"task\":\"1\",\"opcode\":\"0\",\"keywords\":\"0x8000000000000000\",\"systemTime\":\"2026-08-16T17:53:23.1719869Z\",\"eventRecordID\":\"9007\",\"processID\":\"2636\",\"threadID\":\"5012\",\"channel\":\"Microsoft-Windows-Sysmon/Operational\",\"computer\":\"DESKTOP-IC9GOIC\",\"severityValue\":\"INFORMATION\",\"message\":\"\\\"Process Create:\\r\\nRuleName: -\\r\\nUtcTime: 2026-08-16 17:53:23.160\\r\\nProcessGuid: {b4526b9f-f913-6a81-7501-000000000e00}\\r\\nProcessId: 9196\\r\\nImage: C:\\\\Windows\\\\System32\\\\WindowsPowerShell\\\\v1.0\\\\powershell.exe\\r\\nFileVersion: 10.0.19041.3996 (WinBuild.160101.0800)\\r\\nDescription: Windows PowerShell\\r\\nProduct: Microsoft® Windows® Operating System\\r\\nCompany: Microsoft Corporation\\r\\nOriginalFileName: PowerShell.EXE\\r\\nCommandLine: powershell.exe -NoProfile -E VwByAGkAdABlAC0ASABvAHMAdAAgAGUAYgAyADEAZABlADQANwAtAGYAMwA1ADkALQA0ADgAOQA5AC0AOQBjAGEAOQAtADQAMgBkADQAYwAwADcAZgA1AGYAYQAzAA==\\r\\nCurrentDirectory: C:\\\\Windows\\\\system32\\\\\\r\\nUser: DESKTOP-IC9GOIC\\\\Brian\\r\\nLogonGuid: {b4526b9f-f7aa-6a81-d21b-230000000000}\\r\\nLogonId: 0x231BD2\\r\\nTerminalSessionId: 1\\r\\nIntegrityLevel: High\\r\\nHashes: MD5=2E5A8590CF6848968FC23DE3FA1E25F1,SHA256=9785001B0DCF755EDDB8AF294A373C0B87B2498660F724E76C4D53F9C217C7A3,IMPHASH=3D08F4848535206D772DE145804FF4B6\\r\\nParentProcessGuid: {b4526b9f-f711-6a81-7700-000000000e00}\\r\\nParentProcessId: 4912\\r\\nParentImage: C:\\\\Windows\\\\System32\\\\wbem\\\\WmiPrvSE.exe\\r\\nParentCommandLine: C:\\\\Windows\\\\system32\\\\wbem\\\\wmiprvse.exe -secured -Embedding\\r\\nParentUser: NT AUTHORITY\\\\Servicio de red\\\"\"},\"eventdata\":{\"utcTime\":\"2026-08-16 17:53:23.160\",\"processGuid\":\"{b4526b9f-f913-6a81-7501-000000000e00}\",\"processId\":\"9196\",\"image\":\"C:\\\\\\\\Windows\\\\\\\\System32\\\\\\\\WindowsPowerShell\\\\\\\\v1.0\\\\\\\\powershell.exe\",\"fileVersion\":\"10.0.19041.3996 (WinBuild.160101.0800)\",\"description\":\"Windows PowerShell\",\"product\":\"Microsoft® Windows® Operating System\",\"company\":\"Microsoft Corporation\",\"originalFileName\":\"PowerShell.EXE\",\"commandLine\":\"powershell.exe -NoProfile -E VwByAGkAdABlAC0ASABvAHMAdAAgAGUAYgAyADEAZABlADQANwAtAGYAMwA1ADkALQA0ADgAOQA5AC0AOQBjAGEAOQAtADQAMgBkADQAYwAwADcAZgA1AGYAYQAzAA==\",\"currentDirectory\":\"C:\\\\\\\\Windows\\\\\\\\system32\\\\\\\\\",\"user\":\"DESKTOP-IC9GOIC\\\\\\\\Brian\",\"logonGuid\":\"{b4526b9f-f7aa-6a81-d21b-230000000000}\",\"logonId\":\"0x231bd2\",\"terminalSessionId\":\"1\",\"integrityLevel\":\"High\",\"hashes\":\"MD5=2E5A8590CF6848968FC23DE3FA1E25F1,SHA256=9785001B0DCF755EDDB8AF294A373C0B87B2498660F724E76C4D53F9C217C7A3,IMPHASH=3D08F4848535206D772DE145804FF4B6\",\"parentProcessGuid\":\"{b4526b9f-f711-6a81-7700-000000000e00}\",\"parentProcessId\":\"4912\",\"parentImage\":\"C:\\\\\\\\Windows\\\\\\\\System32\\\\\\\\wbem\\\\\\\\WmiPrvSE.exe\",\"parentCommandLine\":\"C:\\\\\\\\Windows\\\\\\\\system32\\\\\\\\wbem\\\\\\\\wmiprvse.exe -secured -Embedding\",\"parentUser\":\"NT AUTHORITY\\\\\\\\Servicio de red\"}}}",
                  "input": {
                    "type": "log"
                  },
                  "@timestamp": "2026-08-16T17:53:24.396Z",
                  "location": "EventChannel",
                  "id": "1786902804.11990484",
                  "timestamp": "2026-08-16T17:53:24.396+0000"
                },
                "sort": [
                  1786902804396
                ]
              },
              {
                "_index": "wazuh-alerts-4.x-2026.08.16",
                "_id": "v5KeC6AB5pY31xNMRxdl",
                "_score": null,
                "_source": {
                  "agent": {
                    "ip": "192.168.64.133",
                    "name": "DESKTOP-IC9GOIC",
                    "id": "001"
                  },
                  "manager": {
                    "name": "wazuh.manager"
                  },
                  "data": {
                    "win": {
                      "eventdata": {
                        "originalFileName": "PowerShell.EXE",
                        "image": "C:\\\\Windows\\\\System32\\\\WindowsPowerShell\\\\v1.0\\\\powershell.exe",
                        "product": "Microsoft® Windows® Operating System",
                        "parentProcessGuid": "{b4526b9f-c5d0-6a81-5a00-000000000b00}",
                        "description": "Windows PowerShell",
                        "logonGuid": "{b4526b9f-c5da-6a81-ccf5-070000000000}",
                        "parentCommandLine": "C:\\\\Windows\\\\system32\\\\wbem\\\\wmiprvse.exe -secured -Embedding",
                        "processGuid": "{b4526b9f-f33d-6a81-3905-000000000b00}",
                        "logonId": "0x7f5cc",
                        "parentProcessId": "3852",
                        "processId": "380",
                        "currentDirectory": "c:\\\\windows\\\\system32\\\\driverstore\\\\filerepository\\\\ntprint.inf_amd64_906f4b456b58c7f3\\\\amd64\\\\",
                        "utcTime": "2026-08-16 17:28:29.173",
                        "hashes": "MD5=6726185B70B5ADF05E8A1A1DF82EBF30,SHA256=64DD55E1C2373DEED25C2776F553C632E58C45E56A0E4639DFD54EE97EAB9C19,IMPHASH=E3007C8E0098D06ABF617EEE6F0C5ABD",
                        "parentImage": "C:\\\\Windows\\\\System32\\\\wbem\\\\WmiPrvSE.exe",
                        "company": "Microsoft Corporation",
                        "commandLine": "powershell.exe -NoProfile -E VwByAGkAdABlAC0ASABvAHMAdAAgAGIANQBlADcAMwA4AGUAZgAtAGYAYwA2AGQALQA0AGUANABhAC0AOQA1AGUAMwAtADYANAAyADMAOQA1ADAAMQA5AGQAMgAzAA==",
                        "integrityLevel": "High",
                        "fileVersion": "10.0.19041.3636 (WinBuild.160101.0800)",
                        "user": "DESKTOP-IC9GOIC\\\\Brian",
                        "terminalSessionId": "1",
                        "parentUser": "NT AUTHORITY\\\\Servicio de red"
                      },
                      "system": {
                        "eventID": "1",
                        "keywords": "0x8000000000000000",
                        "providerGuid": "{5770385f-c22a-43e0-bf4c-06f5698ffbd9}",
                        "level": "4",
                        "channel": "Microsoft-Windows-Sysmon/Operational",
                        "opcode": "0",
                        "message": "\"Process Create:\r\nRuleName: -\r\nUtcTime: 2026-08-16 17:28:29.173\r\nProcessGuid: {b4526b9f-f33d-6a81-3905-000000000b00}\r\nProcessId: 380\r\nImage: C:\\Windows\\System32\\WindowsPowerShell\\v1.0\\powershell.exe\r\nFileVersion: 10.0.19041.3636 (WinBuild.160101.0800)\r\nDescription: Windows PowerShell\r\nProduct: Microsoft® Windows® Operating System\r\nCompany: Microsoft Corporation\r\nOriginalFileName: PowerShell.EXE\r\nCommandLine: powershell.exe -NoProfile -E VwByAGkAdABlAC0ASABvAHMAdAAgAGIANQBlADcAMwA4AGUAZgAtAGYAYwA2AGQALQA0AGUANABhAC0AOQA1AGUAMwAtADYANAAyADMAOQA1ADAAMQA5AGQAMgAzAA==\r\nCurrentDirectory: c:\\windows\\system32\\driverstore\\filerepository\\ntprint.inf_amd64_906f4b456b58c7f3\\amd64\\\r\nUser: DESKTOP-IC9GOIC\\Brian\r\nLogonGuid: {b4526b9f-c5da-6a81-ccf5-070000000000}\r\nLogonId: 0x7F5CC\r\nTerminalSessionId: 1\r\nIntegrityLevel: High\r\nHashes: MD5=6726185B70B5ADF05E8A1A1DF82EBF30,SHA256=64DD55E1C2373DEED25C2776F553C632E58C45E56A0E4639DFD54EE97EAB9C19,IMPHASH=E3007C8E0098D06ABF617EEE6F0C5ABD\r\nParentProcessGuid: {b4526b9f-c5d0-6a81-5a00-000000000b00}\r\nParentProcessId: 3852\r\nParentImage: C:\\Windows\\System32\\wbem\\WmiPrvSE.exe\r\nParentCommandLine: C:\\Windows\\system32\\wbem\\wmiprvse.exe -secured -Embedding\r\nParentUser: NT AUTHORITY\\Servicio de red\"",
                        "version": "5",
                        "systemTime": "2026-08-16T17:28:29.1864684Z",
                        "eventRecordID": "7986",
                        "threadID": "4620",
                        "computer": "DESKTOP-IC9GOIC",
                        "task": "1",
                        "processID": "2896",
                        "severityValue": "INFORMATION",
                        "providerName": "Microsoft-Windows-Sysmon"
                      }
                    }
                  },
                  "rule": {
                    "firedtimes": 2,
                    "mail": true,
                    "level": 12,
                    "description": "A powershell process created by WMI executed a base64 encoded command",
                    "groups": [
                      "sysmon",
                      "sysmon_eid1_detections",
                      "windows"
                    ],
                    "mitre": {
                      "technique": [
                        "Windows Management Instrumentation",
                        "PowerShell"
                      ],
                      "id": [
                        "T1047",
                        "T1059.001"
                      ],
                      "tactic": [
                        "Execution"
                      ]
                    },
                    "id": "92071"
                  },
                  "decoder": {
                    "name": "windows_eventchannel"
                  },
                  "input": {
                    "type": "log"
                  },
                  "@timestamp": "2026-08-16T17:28:29.919Z",
                  "location": "EventChannel",
                  "id": "1786901309.8052371",
                  "timestamp": "2026-08-16T17:28:29.919+0000"
                },
                "sort": [
                  1786901309919
                ]
              },
