              {
                "_index": "wazuh-alerts-4.x-2026.08.17",
                "_id": "maaREKABOE7y0ERq6pkB",
                "_score": null,
                "_source": {
                  "agent": {
                    "ip": "192.168.64.133",
                    "name": "DESKTOP-IC9GOIC",
                    "id": "001"
                  },
                  "manager": {
                    "name": "wazuh.manager"
                  },
                  "data": {
                    "win": {
                      "eventdata": {
                        "originalFileName": "schtasks.exe",
                        "image": "C:\\\\Windows\\\\System32\\\\schtasks.exe",
                        "product": "Microsoft® Windows® Operating System",
                        "parentProcessGuid": "{b4526b9f-37c2-6a83-5803-000000001100}",
                        "description": "Task Scheduler Configuration Tool",
                        "logonGuid": "{b4526b9f-1389-6a83-ed15-070000000000}",
                        "parentCommandLine": "\\\"cmd.exe\\\" /c schtasks /create /tn \\\"T1053_005_OnLogon\\\" /sc onlogon /tr \\\"cmd.exe /c calc.exe\\\" &amp; schtasks /create /tn \\\"T1053_005_OnStartup\\\" /sc onstart /ru system /tr \\\"cmd.exe /c calc.exe\\\"",
                        "processGuid": "{b4526b9f-37c2-6a83-5a03-000000001100}",
                        "logonId": "0x715ed",
                        "parentProcessId": "9108",
                        "processId": "7184",
                        "currentDirectory": "C:\\\\Users\\\\Brian\\\\AppData\\\\Local\\\\Temp\\\\",
                        "utcTime": "2026-08-17 16:33:06.865",
                        "hashes": "MD5=2C400322E4F96C1FEDB0F890C7668C92,SHA256=2327E073DCF25AE03DC851EA0F3414980D3168FA959F42C5F77BE1381AE6C41D,IMPHASH=7C296BC1AA0738F0783F000C5982A642",
                        "parentImage": "C:\\\\Windows\\\\System32\\\\cmd.exe",
                        "company": "Microsoft Corporation",
                        "commandLine": "schtasks  /create /tn \\\"T1053_005_OnLogon\\\" /sc onlogon /tr \\\"cmd.exe /c calc.exe\\\"",
                        "integrityLevel": "High",
                        "fileVersion": "10.0.19041.5965 (WinBuild.160101.0800)",
                        "user": "DESKTOP-IC9GOIC\\\\Brian",
                        "terminalSessionId": "1",
                        "parentUser": "DESKTOP-IC9GOIC\\\\Brian"
                      },
                      "system": {
                        "eventID": "1",
                        "keywords": "0x8000000000000000",
                        "providerGuid": "{5770385f-c22a-43e0-bf4c-06f5698ffbd9}",
                        "level": "4",
                        "channel": "Microsoft-Windows-Sysmon/Operational",
                        "opcode": "0",
                        "message": "\"Process Create:\r\nRuleName: -\r\nUtcTime: 2026-08-17 16:33:06.865\r\nProcessGuid: {b4526b9f-37c2-6a83-5a03-000000001100}\r\nProcessId: 7184\r\nImage: C:\\Windows\\System32\\schtasks.exe\r\nFileVersion: 10.0.19041.5965 (WinBuild.160101.0800)\r\nDescription: Task Scheduler Configuration Tool\r\nProduct: Microsoft® Windows® Operating System\r\nCompany: Microsoft Corporation\r\nOriginalFileName: schtasks.exe\r\nCommandLine: schtasks  /create /tn \"T1053_005_OnLogon\" /sc onlogon /tr \"cmd.exe /c calc.exe\" \r\nCurrentDirectory: C:\\Users\\Brian\\AppData\\Local\\Temp\\\r\nUser: DESKTOP-IC9GOIC\\Brian\r\nLogonGuid: {b4526b9f-1389-6a83-ed15-070000000000}\r\nLogonId: 0x715ED\r\nTerminalSessionId: 1\r\nIntegrityLevel: High\r\nHashes: MD5=2C400322E4F96C1FEDB0F890C7668C92,SHA256=2327E073DCF25AE03DC851EA0F3414980D3168FA959F42C5F77BE1381AE6C41D,IMPHASH=7C296BC1AA0738F0783F000C5982A642\r\nParentProcessGuid: {b4526b9f-37c2-6a83-5803-000000001100}\r\nParentProcessId: 9108\r\nParentImage: C:\\Windows\\System32\\cmd.exe\r\nParentCommandLine: \"cmd.exe\" /c schtasks /create /tn \"T1053_005_OnLogon\" /sc onlogon /tr \"cmd.exe /c calc.exe\" & schtasks /create /tn \"T1053_005_OnStartup\" /sc onstart /ru system /tr \"cmd.exe /c calc.exe\"\r\nParentUser: DESKTOP-IC9GOIC\\Brian\"",
                        "version": "5",
                        "systemTime": "2026-08-17T16:33:06.8728319Z",
                        "eventRecordID": "14293",
                        "threadID": "5188",
                        "computer": "DESKTOP-IC9GOIC",
                        "task": "1",
                        "processID": "2844",
                        "severityValue": "INFORMATION",
                        "providerName": "Microsoft-Windows-Sysmon"
                      }
                    }
                  },
                  "rule": {
                    "firedtimes": 1,
                    "mail": true,
                    "level": 12,
                    "description": "Creación de tarea programada que ejecuta un intérprete de comandos o LOLBin — patrón común de persistencia",
                    "groups": [
                      "local",
                      "sysmon"
                    ],
                    "mitre": {
                      "technique": [
                        "Scheduled Task"
                      ],
                      "id": [
                        "T1053.005"
                      ],
                      "tactic": [
                        "Execution",
                        "Persistence",
                        "Privilege Escalation"
                      ]
                    },
                    "id": "100050"
                  },
                  "decoder": {
                    "name": "windows_eventchannel"
                  },
                  "full_log": "{\"win\":{\"system\":{\"providerName\":\"Microsoft-Windows-Sysmon\",\"providerGuid\":\"{5770385f-c22a-43e0-bf4c-06f5698ffbd9}\",\"eventID\":\"1\",\"version\":\"5\",\"level\":\"4\",\"task\":\"1\",\"opcode\":\"0\",\"keywords\":\"0x8000000000000000\",\"systemTime\":\"2026-08-17T16:33:06.8728319Z\",\"eventRecordID\":\"14293\",\"processID\":\"2844\",\"threadID\":\"5188\",\"channel\":\"Microsoft-Windows-Sysmon/Operational\",\"computer\":\"DESKTOP-IC9GOIC\",\"severityValue\":\"INFORMATION\",\"message\":\"\\\"Process Create:\\r\\nRuleName: -\\r\\nUtcTime: 2026-08-17 16:33:06.865\\r\\nProcessGuid: {b4526b9f-37c2-6a83-5a03-000000001100}\\r\\nProcessId: 7184\\r\\nImage: C:\\\\Windows\\\\System32\\\\schtasks.exe\\r\\nFileVersion: 10.0.19041.5965 (WinBuild.160101.0800)\\r\\nDescription: Task Scheduler Configuration Tool\\r\\nProduct: Microsoft® Windows® Operating System\\r\\nCompany: Microsoft Corporation\\r\\nOriginalFileName: schtasks.exe\\r\\nCommandLine: schtasks  /create /tn \\\"T1053_005_OnLogon\\\" /sc onlogon /tr \\\"cmd.exe /c calc.exe\\\" \\r\\nCurrentDirectory: C:\\\\Users\\\\Brian\\\\AppData\\\\Local\\\\Temp\\\\\\r\\nUser: DESKTOP-IC9GOIC\\\\Brian\\r\\nLogonGuid: {b4526b9f-1389-6a83-ed15-070000000000}\\r\\nLogonId: 0x715ED\\r\\nTerminalSessionId: 1\\r\\nIntegrityLevel: High\\r\\nHashes: MD5=2C400322E4F96C1FEDB0F890C7668C92,SHA256=2327E073DCF25AE03DC851EA0F3414980D3168FA959F42C5F77BE1381AE6C41D,IMPHASH=7C296BC1AA0738F0783F000C5982A642\\r\\nParentProcessGuid: {b4526b9f-37c2-6a83-5803-000000001100}\\r\\nParentProcessId: 9108\\r\\nParentImage: C:\\\\Windows\\\\System32\\\\cmd.exe\\r\\nParentCommandLine: \\\"cmd.exe\\\" /c schtasks /create /tn \\\"T1053_005_OnLogon\\\" /sc onlogon /tr \\\"cmd.exe /c calc.exe\\\" & schtasks /create /tn \\\"T1053_005_OnStartup\\\" /sc onstart /ru system /tr \\\"cmd.exe /c calc.exe\\\"\\r\\nParentUser: DESKTOP-IC9GOIC\\\\Brian\\\"\"},\"eventdata\":{\"utcTime\":\"2026-08-17 16:33:06.865\",\"processGuid\":\"{b4526b9f-37c2-6a83-5a03-000000001100}\",\"processId\":\"7184\",\"image\":\"C:\\\\\\\\Windows\\\\\\\\System32\\\\\\\\schtasks.exe\",\"fileVersion\":\"10.0.19041.5965 (WinBuild.160101.0800)\",\"description\":\"Task Scheduler Configuration Tool\",\"product\":\"Microsoft® Windows® Operating System\",\"company\":\"Microsoft Corporation\",\"originalFileName\":\"schtasks.exe\",\"commandLine\":\"schtasks  /create /tn \\\\\\\"T1053_005_OnLogon\\\\\\\" /sc onlogon /tr \\\\\\\"cmd.exe /c calc.exe\\\\\\\"\",\"currentDirectory\":\"C:\\\\\\\\Users\\\\\\\\Brian\\\\\\\\AppData\\\\\\\\Local\\\\\\\\Temp\\\\\\\\\",\"user\":\"DESKTOP-IC9GOIC\\\\\\\\Brian\",\"logonGuid\":\"{b4526b9f-1389-6a83-ed15-070000000000}\",\"logonId\":\"0x715ed\",\"terminalSessionId\":\"1\",\"integrityLevel\":\"High\",\"hashes\":\"MD5=2C400322E4F96C1FEDB0F890C7668C92,SHA256=2327E073DCF25AE03DC851EA0F3414980D3168FA959F42C5F77BE1381AE6C41D,IMPHASH=7C296BC1AA0738F0783F000C5982A642\",\"parentProcessGuid\":\"{b4526b9f-37c2-6a83-5803-000000001100}\",\"parentProcessId\":\"9108\",\"parentImage\":\"C:\\\\\\\\Windows\\\\\\\\System32\\\\\\\\cmd.exe\",\"parentCommandLine\":\"\\\\\\\"cmd.exe\\\\\\\" /c schtasks /create /tn \\\\\\\"T1053_005_OnLogon\\\\\\\" /sc onlogon /tr \\\\\\\"cmd.exe /c calc.exe\\\\\\\" &amp; schtasks /create /tn \\\\\\\"T1053_005_OnStartup\\\\\\\" /sc onstart /ru system /tr \\\\\\\"cmd.exe /c calc.exe\\\\\\\"\",\"parentUser\":\"DESKTOP-IC9GOIC\\\\\\\\Brian\"}}}",
                  "input": {
                    "type": "log"
                  },
                  "@timestamp": "2026-08-17T16:33:09.405Z",
                  "location": "EventChannel",
                  "id": "1786984389.6022598",
                  "timestamp": "2026-08-17T16:33:09.405+0000"
                },
                "sort": [
                  1786984389405
                ]
              },
              {
                "_index": "wazuh-alerts-4.x-2026.08.17",
                "_id": "16ZBEKABOE7y0ERq6JhE",
                "_score": null,
                "_source": {
                  "agent": {
                    "ip": "192.168.64.133",
                    "name": "DESKTOP-IC9GOIC",
                    "id": "001"
                  },
                  "manager": {
                    "name": "wazuh.manager"
                  },
                  "data": {
                    "win": {
                      "eventdata": {
                        "originalFileName": "EXPLORER.EXE",
                        "image": "C:\\\\Windows\\\\explorer.exe",
                        "product": "Microsoft® Windows® Operating System",
                        "parentProcessGuid": "{b4526b9f-1301-6a83-0d00-000000001100}",
                        "description": "Windows Explorer",
                        "logonGuid": "{b4526b9f-1389-6a83-3516-070000000000}",
                        "parentCommandLine": "C:\\\\Windows\\\\system32\\\\svchost.exe -k DcomLaunch -p",
                        "processGuid": "{b4526b9f-2347-6a83-7702-000000001100}",
                        "logonId": "0x71635",
                        "parentProcessId": "808",
                        "processId": "4988",
                        "currentDirectory": "C:\\\\Windows\\\\system32\\\\",
                        "utcTime": "2026-08-17 15:05:43.591",
                        "hashes": "MD5=24AD59ABAF730E71BC865922D8596008,SHA256=988A56D897915315EEF9CA679B3BC8ADFCECF5E227AEA99AAA1817620520E97E,IMPHASH=DBCE632ECED8243CB6090C1C87BE56BC",
                        "parentImage": "C:\\\\Windows\\\\System32\\\\svchost.exe",
                        "company": "Microsoft Corporation",
                        "commandLine": "C:\\\\Windows\\\\explorer.exe /factory,{75dff2b7-6936-4c06-a8bb-676a7b00b24b} -Embedding",
                        "integrityLevel": "Medium",
                        "fileVersion": "10.0.19041.6456 (WinBuild.160101.0800)",
                        "user": "DESKTOP-IC9GOIC\\\\Brian",
                        "terminalSessionId": "1",
                        "parentUser": "NT AUTHORITY\\\\SYSTEM"
                      },
                      "system": {
                        "eventID": "1",
                        "keywords": "0x8000000000000000",
                        "providerGuid": "{5770385f-c22a-43e0-bf4c-06f5698ffbd9}",
                        "level": "4",
                        "channel": "Microsoft-Windows-Sysmon/Operational",
                        "opcode": "0",
                        "message": "\"Process Create:\r\nRuleName: -\r\nUtcTime: 2026-08-17 15:05:43.591\r\nProcessGuid: {b4526b9f-2347-6a83-7702-000000001100}\r\nProcessId: 4988\r\nImage: C:\\Windows\\explorer.exe\r\nFileVersion: 10.0.19041.6456 (WinBuild.160101.0800)\r\nDescription: Windows Explorer\r\nProduct: Microsoft® Windows® Operating System\r\nCompany: Microsoft Corporation\r\nOriginalFileName: EXPLORER.EXE\r\nCommandLine: C:\\Windows\\explorer.exe /factory,{75dff2b7-6936-4c06-a8bb-676a7b00b24b} -Embedding\r\nCurrentDirectory: C:\\Windows\\system32\\\r\nUser: DESKTOP-IC9GOIC\\Brian\r\nLogonGuid: {b4526b9f-1389-6a83-3516-070000000000}\r\nLogonId: 0x71635\r\nTerminalSessionId: 1\r\nIntegrityLevel: Medium\r\nHashes: MD5=24AD59ABAF730E71BC865922D8596008,SHA256=988A56D897915315EEF9CA679B3BC8ADFCECF5E227AEA99AAA1817620520E97E,IMPHASH=DBCE632ECED8243CB6090C1C87BE56BC\r\nParentProcessGuid: {b4526b9f-1301-6a83-0d00-000000001100}\r\nParentProcessId: 808\r\nParentImage: C:\\Windows\\System32\\svchost.exe\r\nParentCommandLine: C:\\Windows\\system32\\svchost.exe -k DcomLaunch -p\r\nParentUser: NT AUTHORITY\\SYSTEM\"",
                        "version": "5",
                        "systemTime": "2026-08-17T15:05:43.5927480Z",
                        "eventRecordID": "14004",
                        "threadID": "5188",
                        "computer": "DESKTOP-IC9GOIC",
                        "task": "1",
                        "processID": "2844",
                        "severityValue": "INFORMATION",
                        "providerName": "Microsoft-Windows-Sysmon"
                      }
                    }
                  },
                  "rule": {
                    "firedtimes": 1,
                    "mail": true,
                    "level": 12,
                    "pci_dss": [
                      "10.6.1",
                      "11.4"
                    ],
                    "hipaa": [
                      "164.312.b"
                    ],
                    "tsc": [
                      "CC7.2",
                      "CC7.3",
                      "CC6.1",
                      "CC6.8"
                    ],
                    "description": "Sysmon - Suspicious Process - explorer.exe",
                    "groups": [
                      "windows",
                      "sysmon",
                      "sysmon_process-anomalies"
                    ],
                    "mitre": {
                      "technique": [
                        "Process Injection"
                      ],
                      "id": [
                        "T1055"
                      ],
                      "tactic": [
                        "Defense Evasion",
                        "Privilege Escalation"
                      ]
                    },
                    "id": "61640",
                    "nist_800_53": [
                      "AU.6",
                      "SI.4"
                    ],
                    "gdpr": [
                      "IV_35.7.d"
                    ]
                  },
                  "decoder": {
                    "name": "windows_eventchannel"
                  },
                  "full_log": "{\"win\":{\"system\":{\"providerName\":\"Microsoft-Windows-Sysmon\",\"providerGuid\":\"{5770385f-c22a-43e0-bf4c-06f5698ffbd9}\",\"eventID\":\"1\",\"version\":\"5\",\"level\":\"4\",\"task\":\"1\",\"opcode\":\"0\",\"keywords\":\"0x8000000000000000\",\"systemTime\":\"2026-08-17T15:05:43.5927480Z\",\"eventRecordID\":\"14004\",\"processID\":\"2844\",\"threadID\":\"5188\",\"channel\":\"Microsoft-Windows-Sysmon/Operational\",\"computer\":\"DESKTOP-IC9GOIC\",\"severityValue\":\"INFORMATION\",\"message\":\"\\\"Process Create:\\r\\nRuleName: -\\r\\nUtcTime: 2026-08-17 15:05:43.591\\r\\nProcessGuid: {b4526b9f-2347-6a83-7702-000000001100}\\r\\nProcessId: 4988\\r\\nImage: C:\\\\Windows\\\\explorer.exe\\r\\nFileVersion: 10.0.19041.6456 (WinBuild.160101.0800)\\r\\nDescription: Windows Explorer\\r\\nProduct: Microsoft® Windows® Operating System\\r\\nCompany: Microsoft Corporation\\r\\nOriginalFileName: EXPLORER.EXE\\r\\nCommandLine: C:\\\\Windows\\\\explorer.exe /factory,{75dff2b7-6936-4c06-a8bb-676a7b00b24b} -Embedding\\r\\nCurrentDirectory: C:\\\\Windows\\\\system32\\\\\\r\\nUser: DESKTOP-IC9GOIC\\\\Brian\\r\\nLogonGuid: {b4526b9f-1389-6a83-3516-070000000000}\\r\\nLogonId: 0x71635\\r\\nTerminalSessionId: 1\\r\\nIntegrityLevel: Medium\\r\\nHashes: MD5=24AD59ABAF730E71BC865922D8596008,SHA256=988A56D897915315EEF9CA679B3BC8ADFCECF5E227AEA99AAA1817620520E97E,IMPHASH=DBCE632ECED8243CB6090C1C87BE56BC\\r\\nParentProcessGuid: {b4526b9f-1301-6a83-0d00-000000001100}\\r\\nParentProcessId: 808\\r\\nParentImage: C:\\\\Windows\\\\System32\\\\svchost.exe\\r\\nParentCommandLine: C:\\\\Windows\\\\system32\\\\svchost.exe -k DcomLaunch -p\\r\\nParentUser: NT AUTHORITY\\\\SYSTEM\\\"\"},\"eventdata\":{\"utcTime\":\"2026-08-17 15:05:43.591\",\"processGuid\":\"{b4526b9f-2347-6a83-7702-000000001100}\",\"processId\":\"4988\",\"image\":\"C:\\\\\\\\Windows\\\\\\\\explorer.exe\",\"fileVersion\":\"10.0.19041.6456 (WinBuild.160101.0800)\",\"description\":\"Windows Explorer\",\"product\":\"Microsoft® Windows® Operating System\",\"company\":\"Microsoft Corporation\",\"originalFileName\":\"EXPLORER.EXE\",\"commandLine\":\"C:\\\\\\\\Windows\\\\\\\\explorer.exe /factory,{75dff2b7-6936-4c06-a8bb-676a7b00b24b} -Embedding\",\"currentDirectory\":\"C:\\\\\\\\Windows\\\\\\\\system32\\\\\\\\\",\"user\":\"DESKTOP-IC9GOIC\\\\\\\\Brian\",\"logonGuid\":\"{b4526b9f-1389-6a83-3516-070000000000}\",\"logonId\":\"0x71635\",\"terminalSessionId\":\"1\",\"integrityLevel\":\"Medium\",\"hashes\":\"MD5=24AD59ABAF730E71BC865922D8596008,SHA256=988A56D897915315EEF9CA679B3BC8ADFCECF5E227AEA99AAA1817620520E97E,IMPHASH=DBCE632ECED8243CB6090C1C87BE56BC\",\"parentProcessGuid\":\"{b4526b9f-1301-6a83-0d00-000000001100}\",\"parentProcessId\":\"808\",\"parentImage\":\"C:\\\\\\\\Windows\\\\\\\\System32\\\\\\\\svchost.exe\",\"parentCommandLine\":\"C:\\\\\\\\Windows\\\\\\\\system32\\\\\\\\svchost.exe -k DcomLaunch -p\",\"parentUser\":\"NT AUTHORITY\\\\\\\\SYSTEM\"}}}",
                  "input": {
                    "type": "log"
                  },
                  "@timestamp": "2026-08-17T15:05:46.662Z",
                  "location": "EventChannel",
                  "id": "1786979146.5509373",
                  "timestamp": "2026-08-17T15:05:46.662+0000"
                },
                "sort": [
                  1786979146662
                ]
              },
              {
                "_index": "wazuh-alerts-4.x-2026.08.17",
                "_id": "laY1EKABOE7y0ERqYZgg",
                "_score": null,
                "_source": {
                  "agent": {
                    "ip": "192.168.64.133",
                    "name": "DESKTOP-IC9GOIC",
                    "id": "001"
                  },
                  "manager": {
                    "name": "wazuh.manager"
                  },
                  "data": {
                    "win": {
                      "eventdata": {
                        "originalFileName": "EXPLORER.EXE",
                        "image": "C:\\\\Windows\\\\explorer.exe",
                        "product": "Microsoft® Windows® Operating System",
                        "parentProcessGuid": "{b4526b9f-1301-6a83-0d00-000000001100}",
                        "description": "Windows Explorer",
                        "logonGuid": "{b4526b9f-1389-6a83-3516-070000000000}",
                        "parentCommandLine": "C:\\\\Windows\\\\system32\\\\svchost.exe -k DcomLaunch -p",
                        "processGuid": "{b4526b9f-2013-6a83-4802-000000001100}",
                        "logonId": "0x71635",
                        "parentProcessId": "808",
                        "processId": "3628",
                        "currentDirectory": "C:\\\\Windows\\\\system32\\\\",
                        "utcTime": "2026-08-17 14:52:03.941",
                        "hashes": "MD5=24AD59ABAF730E71BC865922D8596008,SHA256=988A56D897915315EEF9CA679B3BC8ADFCECF5E227AEA99AAA1817620520E97E,IMPHASH=DBCE632ECED8243CB6090C1C87BE56BC",
                        "parentImage": "C:\\\\Windows\\\\System32\\\\svchost.exe",
                        "company": "Microsoft Corporation",
                        "commandLine": "C:\\\\Windows\\\\explorer.exe /factory,{75dff2b7-6936-4c06-a8bb-676a7b00b24b} -Embedding",
                        "integrityLevel": "Medium",
                        "fileVersion": "10.0.19041.6456 (WinBuild.160101.0800)",
                        "user": "DESKTOP-IC9GOIC\\\\Brian",
                        "terminalSessionId": "1",
                        "parentUser": "NT AUTHORITY\\\\SYSTEM"
                      },
                      "system": {
                        "eventID": "1",
                        "keywords": "0x8000000000000000",
                        "providerGuid": "{5770385f-c22a-43e0-bf4c-06f5698ffbd9}",
                        "level": "4",
                        "channel": "Microsoft-Windows-Sysmon/Operational",
                        "opcode": "0",
                        "message": "\"Process Create:\r\nRuleName: -\r\nUtcTime: 2026-08-17 14:52:03.941\r\nProcessGuid: {b4526b9f-2013-6a83-4802-000000001100}\r\nProcessId: 3628\r\nImage: C:\\Windows\\explorer.exe\r\nFileVersion: 10.0.19041.6456 (WinBuild.160101.0800)\r\nDescription: Windows Explorer\r\nProduct: Microsoft® Windows® Operating System\r\nCompany: Microsoft Corporation\r\nOriginalFileName: EXPLORER.EXE\r\nCommandLine: C:\\Windows\\explorer.exe /factory,{75dff2b7-6936-4c06-a8bb-676a7b00b24b} -Embedding\r\nCurrentDirectory: C:\\Windows\\system32\\\r\nUser: DESKTOP-IC9GOIC\\Brian\r\nLogonGuid: {b4526b9f-1389-6a83-3516-070000000000}\r\nLogonId: 0x71635\r\nTerminalSessionId: 1\r\nIntegrityLevel: Medium\r\nHashes: MD5=24AD59ABAF730E71BC865922D8596008,SHA256=988A56D897915315EEF9CA679B3BC8ADFCECF5E227AEA99AAA1817620520E97E,IMPHASH=DBCE632ECED8243CB6090C1C87BE56BC\r\nParentProcessGuid: {b4526b9f-1301-6a83-0d00-000000001100}\r\nParentProcessId: 808\r\nParentImage: C:\\Windows\\System32\\svchost.exe\r\nParentCommandLine: C:\\Windows\\system32\\svchost.exe -k DcomLaunch -p\r\nParentUser: NT AUTHORITY\\SYSTEM\"",
                        "version": "5",
                        "systemTime": "2026-08-17T14:52:03.9424949Z",
                        "eventRecordID": "13927",
                        "threadID": "5188",
                        "computer": "DESKTOP-IC9GOIC",
                        "task": "1",
                        "processID": "2844",
                        "severityValue": "INFORMATION",
                        "providerName": "Microsoft-Windows-Sysmon"
                      }
                    }
                  },
                  "rule": {
                    "firedtimes": 2,
                    "mail": true,
                    "level": 12,
                    "pci_dss": [
                      "10.6.1",
                      "11.4"
                    ],
                    "hipaa": [
                      "164.312.b"
                    ],
                    "tsc": [
                      "CC7.2",
                      "CC7.3",
                      "CC6.1",
                      "CC6.8"
                    ],
                    "description": "Sysmon - Suspicious Process - explorer.exe",
                    "groups": [
                      "windows",
                      "sysmon",
                      "sysmon_process-anomalies"
                    ],
                    "mitre": {
                      "technique": [
                        "Process Injection"
                      ],
                      "id": [
                        "T1055"
                      ],
                      "tactic": [
                        "Defense Evasion",
                        "Privilege Escalation"
                      ]
                    },
                    "id": "61640",
                    "nist_800_53": [
                      "AU.6",
                      "SI.4"
                    ],
                    "gdpr": [
                      "IV_35.7.d"
                    ]
                  },
                  "decoder": {
                    "name": "windows_eventchannel"
                  },
                  "full_log": "{\"win\":{\"system\":{\"providerName\":\"Microsoft-Windows-Sysmon\",\"providerGuid\":\"{5770385f-c22a-43e0-bf4c-06f5698ffbd9}\",\"eventID\":\"1\",\"version\":\"5\",\"level\":\"4\",\"task\":\"1\",\"opcode\":\"0\",\"keywords\":\"0x8000000000000000\",\"systemTime\":\"2026-08-17T14:52:03.9424949Z\",\"eventRecordID\":\"13927\",\"processID\":\"2844\",\"threadID\":\"5188\",\"channel\":\"Microsoft-Windows-Sysmon/Operational\",\"computer\":\"DESKTOP-IC9GOIC\",\"severityValue\":\"INFORMATION\",\"message\":\"\\\"Process Create:\\r\\nRuleName: -\\r\\nUtcTime: 2026-08-17 14:52:03.941\\r\\nProcessGuid: {b4526b9f-2013-6a83-4802-000000001100}\\r\\nProcessId: 3628\\r\\nImage: C:\\\\Windows\\\\explorer.exe\\r\\nFileVersion: 10.0.19041.6456 (WinBuild.160101.0800)\\r\\nDescription: Windows Explorer\\r\\nProduct: Microsoft® Windows® Operating System\\r\\nCompany: Microsoft Corporation\\r\\nOriginalFileName: EXPLORER.EXE\\r\\nCommandLine: C:\\\\Windows\\\\explorer.exe /factory,{75dff2b7-6936-4c06-a8bb-676a7b00b24b} -Embedding\\r\\nCurrentDirectory: C:\\\\Windows\\\\system32\\\\\\r\\nUser: DESKTOP-IC9GOIC\\\\Brian\\r\\nLogonGuid: {b4526b9f-1389-6a83-3516-070000000000}\\r\\nLogonId: 0x71635\\r\\nTerminalSessionId: 1\\r\\nIntegrityLevel: Medium\\r\\nHashes: MD5=24AD59ABAF730E71BC865922D8596008,SHA256=988A56D897915315EEF9CA679B3BC8ADFCECF5E227AEA99AAA1817620520E97E,IMPHASH=DBCE632ECED8243CB6090C1C87BE56BC\\r\\nParentProcessGuid: {b4526b9f-1301-6a83-0d00-000000001100}\\r\\nParentProcessId: 808\\r\\nParentImage: C:\\\\Windows\\\\System32\\\\svchost.exe\\r\\nParentCommandLine: C:\\\\Windows\\\\system32\\\\svchost.exe -k DcomLaunch -p\\r\\nParentUser: NT AUTHORITY\\\\SYSTEM\\\"\"},\"eventdata\":{\"utcTime\":\"2026-08-17 14:52:03.941\",\"processGuid\":\"{b4526b9f-2013-6a83-4802-000000001100}\",\"processId\":\"3628\",\"image\":\"C:\\\\\\\\Windows\\\\\\\\explorer.exe\",\"fileVersion\":\"10.0.19041.6456 (WinBuild.160101.0800)\",\"description\":\"Windows Explorer\",\"product\":\"Microsoft® Windows® Operating System\",\"company\":\"Microsoft Corporation\",\"originalFileName\":\"EXPLORER.EXE\",\"commandLine\":\"C:\\\\\\\\Windows\\\\\\\\explorer.exe /factory,{75dff2b7-6936-4c06-a8bb-676a7b00b24b} -Embedding\",\"currentDirectory\":\"C:\\\\\\\\Windows\\\\\\\\system32\\\\\\\\\",\"user\":\"DESKTOP-IC9GOIC\\\\\\\\Brian\",\"logonGuid\":\"{b4526b9f-1389-6a83-3516-070000000000}\",\"logonId\":\"0x71635\",\"terminalSessionId\":\"1\",\"integrityLevel\":\"Medium\",\"hashes\":\"MD5=24AD59ABAF730E71BC865922D8596008,SHA256=988A56D897915315EEF9CA679B3BC8ADFCECF5E227AEA99AAA1817620520E97E,IMPHASH=DBCE632ECED8243CB6090C1C87BE56BC\",\"parentProcessGuid\":\"{b4526b9f-1301-6a83-0d00-000000001100}\",\"parentProcessId\":\"808\",\"parentImage\":\"C:\\\\\\\\Windows\\\\\\\\System32\\\\\\\\svchost.exe\",\"parentCommandLine\":\"C:\\\\\\\\Windows\\\\\\\\system32\\\\\\\\svchost.exe -k DcomLaunch -p\",\"parentUser\":\"NT AUTHORITY\\\\\\\\SYSTEM\"}}}",
                  "input": {
                    "type": "log"
                  },
                  "@timestamp": "2026-08-17T14:52:07.066Z",
                  "location": "EventChannel",
                  "id": "1786978327.4134260",
                  "timestamp": "2026-08-17T14:52:07.066+0000"
                },
                "sort": [
                  1786978327066
                ]
              },
              {
                "_index": "wazuh-alerts-4.x-2026.08.17",
                "_id": "baY0EKABOE7y0ERqLJh7",
                "_score": null,
                "_source": {
                  "agent": {
                    "ip": "192.168.64.133",
                    "name": "DESKTOP-IC9GOIC",
                    "id": "001"
                  },
                  "manager": {
                    "name": "wazuh.manager"
                  },
                  "data": {
                    "win": {
                      "eventdata": {
                        "originalFileName": "EXPLORER.EXE",
                        "image": "C:\\\\Windows\\\\explorer.exe",
                        "product": "Microsoft® Windows® Operating System",
                        "parentProcessGuid": "{b4526b9f-1301-6a83-0d00-000000001100}",
                        "description": "Windows Explorer",
                        "logonGuid": "{b4526b9f-1389-6a83-3516-070000000000}",
                        "parentCommandLine": "C:\\\\Windows\\\\system32\\\\svchost.exe -k DcomLaunch -p",
                        "processGuid": "{b4526b9f-1fc4-6a83-3102-000000001100}",
                        "logonId": "0x71635",
                        "parentProcessId": "808",
                        "processId": "1692",
                        "currentDirectory": "C:\\\\Windows\\\\system32\\\\",
                        "utcTime": "2026-08-17 14:50:44.783",
                        "hashes": "MD5=24AD59ABAF730E71BC865922D8596008,SHA256=988A56D897915315EEF9CA679B3BC8ADFCECF5E227AEA99AAA1817620520E97E,IMPHASH=DBCE632ECED8243CB6090C1C87BE56BC",
                        "parentImage": "C:\\\\Windows\\\\System32\\\\svchost.exe",
                        "company": "Microsoft Corporation",
                        "commandLine": "C:\\\\Windows\\\\explorer.exe /factory,{75dff2b7-6936-4c06-a8bb-676a7b00b24b} -Embedding",
                        "integrityLevel": "Medium",
                        "fileVersion": "10.0.19041.6456 (WinBuild.160101.0800)",
                        "user": "DESKTOP-IC9GOIC\\\\Brian",
                        "terminalSessionId": "1",
                        "parentUser": "NT AUTHORITY\\\\SYSTEM"
                      },
                      "system": {
                        "eventID": "1",
                        "keywords": "0x8000000000000000",
                        "providerGuid": "{5770385f-c22a-43e0-bf4c-06f5698ffbd9}",
                        "level": "4",
                        "channel": "Microsoft-Windows-Sysmon/Operational",
                        "opcode": "0",
                        "message": "\"Process Create:\r\nRuleName: -\r\nUtcTime: 2026-08-17 14:50:44.783\r\nProcessGuid: {b4526b9f-1fc4-6a83-3102-000000001100}\r\nProcessId: 1692\r\nImage: C:\\Windows\\explorer.exe\r\nFileVersion: 10.0.19041.6456 (WinBuild.160101.0800)\r\nDescription: Windows Explorer\r\nProduct: Microsoft® Windows® Operating System\r\nCompany: Microsoft Corporation\r\nOriginalFileName: EXPLORER.EXE\r\nCommandLine: C:\\Windows\\explorer.exe /factory,{75dff2b7-6936-4c06-a8bb-676a7b00b24b} -Embedding\r\nCurrentDirectory: C:\\Windows\\system32\\\r\nUser: DESKTOP-IC9GOIC\\Brian\r\nLogonGuid: {b4526b9f-1389-6a83-3516-070000000000}\r\nLogonId: 0x71635\r\nTerminalSessionId: 1\r\nIntegrityLevel: Medium\r\nHashes: MD5=24AD59ABAF730E71BC865922D8596008,SHA256=988A56D897915315EEF9CA679B3BC8ADFCECF5E227AEA99AAA1817620520E97E,IMPHASH=DBCE632ECED8243CB6090C1C87BE56BC\r\nParentProcessGuid: {b4526b9f-1301-6a83-0d00-000000001100}\r\nParentProcessId: 808\r\nParentImage: C:\\Windows\\System32\\svchost.exe\r\nParentCommandLine: C:\\Windows\\system32\\svchost.exe -k DcomLaunch -p\r\nParentUser: NT AUTHORITY\\SYSTEM\"",
                        "version": "5",
                        "systemTime": "2026-08-17T14:50:44.8000182Z",
                        "eventRecordID": "13879",
                        "threadID": "5188",
                        "computer": "DESKTOP-IC9GOIC",
                        "task": "1",
                        "processID": "2844",
                        "severityValue": "INFORMATION",
                        "providerName": "Microsoft-Windows-Sysmon"
                      }
                    }
                  },
                  "rule": {
                    "firedtimes": 1,
                    "mail": true,
                    "level": 12,
                    "pci_dss": [
                      "10.6.1",
                      "11.4"
                    ],
                    "hipaa": [
                      "164.312.b"
                    ],
                    "tsc": [
                      "CC7.2",
                      "CC7.3",
                      "CC6.1",
                      "CC6.8"
                    ],
                    "description": "Sysmon - Suspicious Process - explorer.exe",
                    "groups": [
                      "windows",
                      "sysmon",
                      "sysmon_process-anomalies"
                    ],
                    "mitre": {
                      "technique": [
                        "Process Injection"
                      ],
                      "id": [
                        "T1055"
                      ],
                      "tactic": [
                        "Defense Evasion",
                        "Privilege Escalation"
                      ]
                    },
                    "id": "61640",
                    "nist_800_53": [
                      "AU.6",
                      "SI.4"
                    ],
                    "gdpr": [
                      "IV_35.7.d"
                    ]
                  },
                  "decoder": {
                    "name": "windows_eventchannel"
                  },
                  "full_log": "{\"win\":{\"system\":{\"providerName\":\"Microsoft-Windows-Sysmon\",\"providerGuid\":\"{5770385f-c22a-43e0-bf4c-06f5698ffbd9}\",\"eventID\":\"1\",\"version\":\"5\",\"level\":\"4\",\"task\":\"1\",\"opcode\":\"0\",\"keywords\":\"0x8000000000000000\",\"systemTime\":\"2026-08-17T14:50:44.8000182Z\",\"eventRecordID\":\"13879\",\"processID\":\"2844\",\"threadID\":\"5188\",\"channel\":\"Microsoft-Windows-Sysmon/Operational\",\"computer\":\"DESKTOP-IC9GOIC\",\"severityValue\":\"INFORMATION\",\"message\":\"\\\"Process Create:\\r\\nRuleName: -\\r\\nUtcTime: 2026-08-17 14:50:44.783\\r\\nProcessGuid: {b4526b9f-1fc4-6a83-3102-000000001100}\\r\\nProcessId: 1692\\r\\nImage: C:\\\\Windows\\\\explorer.exe\\r\\nFileVersion: 10.0.19041.6456 (WinBuild.160101.0800)\\r\\nDescription: Windows Explorer\\r\\nProduct: Microsoft® Windows® Operating System\\r\\nCompany: Microsoft Corporation\\r\\nOriginalFileName: EXPLORER.EXE\\r\\nCommandLine: C:\\\\Windows\\\\explorer.exe /factory,{75dff2b7-6936-4c06-a8bb-676a7b00b24b} -Embedding\\r\\nCurrentDirectory: C:\\\\Windows\\\\system32\\\\\\r\\nUser: DESKTOP-IC9GOIC\\\\Brian\\r\\nLogonGuid: {b4526b9f-1389-6a83-3516-070000000000}\\r\\nLogonId: 0x71635\\r\\nTerminalSessionId: 1\\r\\nIntegrityLevel: Medium\\r\\nHashes: MD5=24AD59ABAF730E71BC865922D8596008,SHA256=988A56D897915315EEF9CA679B3BC8ADFCECF5E227AEA99AAA1817620520E97E,IMPHASH=DBCE632ECED8243CB6090C1C87BE56BC\\r\\nParentProcessGuid: {b4526b9f-1301-6a83-0d00-000000001100}\\r\\nParentProcessId: 808\\r\\nParentImage: C:\\\\Windows\\\\System32\\\\svchost.exe\\r\\nParentCommandLine: C:\\\\Windows\\\\system32\\\\svchost.exe -k DcomLaunch -p\\r\\nParentUser: NT AUTHORITY\\\\SYSTEM\\\"\"},\"eventdata\":{\"utcTime\":\"2026-08-17 14:50:44.783\",\"processGuid\":\"{b4526b9f-1fc4-6a83-3102-000000001100}\",\"processId\":\"1692\",\"image\":\"C:\\\\\\\\Windows\\\\\\\\explorer.exe\",\"fileVersion\":\"10.0.19041.6456 (WinBuild.160101.0800)\",\"description\":\"Windows Explorer\",\"product\":\"Microsoft® Windows® Operating System\",\"company\":\"Microsoft Corporation\",\"originalFileName\":\"EXPLORER.EXE\",\"commandLine\":\"C:\\\\\\\\Windows\\\\\\\\explorer.exe /factory,{75dff2b7-6936-4c06-a8bb-676a7b00b24b} -Embedding\",\"currentDirectory\":\"C:\\\\\\\\Windows\\\\\\\\system32\\\\\\\\\",\"user\":\"DESKTOP-IC9GOIC\\\\\\\\Brian\",\"logonGuid\":\"{b4526b9f-1389-6a83-3516-070000000000}\",\"logonId\":\"0x71635\",\"terminalSessionId\":\"1\",\"integrityLevel\":\"Medium\",\"hashes\":\"MD5=24AD59ABAF730E71BC865922D8596008,SHA256=988A56D897915315EEF9CA679B3BC8ADFCECF5E227AEA99AAA1817620520E97E,IMPHASH=DBCE632ECED8243CB6090C1C87BE56BC\",\"parentProcessGuid\":\"{b4526b9f-1301-6a83-0d00-000000001100}\",\"parentProcessId\":\"808\",\"parentImage\":\"C:\\\\\\\\Windows\\\\\\\\System32\\\\\\\\svchost.exe\",\"parentCommandLine\":\"C:\\\\\\\\Windows\\\\\\\\system32\\\\\\\\svchost.exe -k DcomLaunch -p\",\"parentUser\":\"NT AUTHORITY\\\\\\\\SYSTEM\"}}}",
                  "input": {
                    "type": "log"
                  },
                  "@timestamp": "2026-08-17T14:50:47.865Z",
                  "location": "EventChannel",
                  "id": "1786978247.2888600",
                  "timestamp": "2026-08-17T14:50:47.865+0000"
                },
                "sort": [
                  1786978247865
                ]
              },
              {
                "_index": "wazuh-alerts-4.x-2026.08.17",
                "_id": "E6YZEKABOE7y0ERqopjF",
                "_score": null,
                "_source": {
                  "agent": {
                    "ip": "192.168.64.133",
                    "name": "DESKTOP-IC9GOIC",
                    "id": "001"
                  },
                  "manager": {
                    "name": "wazuh.manager"
                  },
                  "data": {
                    "win": {
                      "eventdata": {
                        "originalFileName": "REGSVR32.EXE",
                        "image": "C:\\\\Windows\\\\System32\\\\regsvr32.exe",
                        "product": "Microsoft® Windows® Operating System",
                        "parentProcessGuid": "{b4526b9f-18f7-6a83-c801-000000001100}",
                        "description": "Microsoft(C) Register Server",
                        "logonGuid": "{b4526b9f-1389-6a83-ed15-070000000000}",
                        "parentCommandLine": "\\\"cmd.exe\\\" /c C:\\\\Windows\\\\system32\\\\regsvr32.exe /s /u /i:\\\"C:\\\\AtomicRedTeam\\\\atomics\\\\T1218.010\\\\src\\\\RegSvr32.sct\\\" scrobj.dll",
                        "processGuid": "{b4526b9f-18f7-6a83-ca01-000000001100}",
                        "logonId": "0x715ed",
                        "parentProcessId": "8184",
                        "processId": "6608",
                        "currentDirectory": "C:\\\\Users\\\\Brian\\\\AppData\\\\Local\\\\Temp\\\\",
                        "utcTime": "2026-08-17 14:21:43.408",
                        "hashes": "MD5=B0C2FA35D14A9FAD919E99D9D75E1B9E,SHA256=022CB167A29A32DAE848BE91AEF721C74F1975AF151807DAFCC5ED832DB246B7,IMPHASH=0235FF9A007804882636BCCCFB4D1A2F",
                        "parentImage": "C:\\\\Windows\\\\System32\\\\cmd.exe",
                        "company": "Microsoft Corporation",
                        "commandLine": "C:\\\\Windows\\\\system32\\\\regsvr32.exe  /s /u /i:\\\"C:\\\\AtomicRedTeam\\\\atomics\\\\T1218.010\\\\src\\\\RegSvr32.sct\\\" scrobj.dll",
                        "integrityLevel": "High",
                        "fileVersion": "10.0.19041.1 (WinBuild.160101.0800)",
                        "user": "DESKTOP-IC9GOIC\\\\Brian",
                        "terminalSessionId": "1",
                        "parentUser": "DESKTOP-IC9GOIC\\\\Brian"
                      },
                      "system": {
                        "eventID": "1",
                        "keywords": "0x8000000000000000",
                        "providerGuid": "{5770385f-c22a-43e0-bf4c-06f5698ffbd9}",
                        "level": "4",
                        "channel": "Microsoft-Windows-Sysmon/Operational",
                        "opcode": "0",
                        "message": "\"Process Create:\r\nRuleName: -\r\nUtcTime: 2026-08-17 14:21:43.408\r\nProcessGuid: {b4526b9f-18f7-6a83-ca01-000000001100}\r\nProcessId: 6608\r\nImage: C:\\Windows\\System32\\regsvr32.exe\r\nFileVersion: 10.0.19041.1 (WinBuild.160101.0800)\r\nDescription: Microsoft(C) Register Server\r\nProduct: Microsoft® Windows® Operating System\r\nCompany: Microsoft Corporation\r\nOriginalFileName: REGSVR32.EXE\r\nCommandLine: C:\\Windows\\system32\\regsvr32.exe  /s /u /i:\"C:\\AtomicRedTeam\\atomics\\T1218.010\\src\\RegSvr32.sct\" scrobj.dll\r\nCurrentDirectory: C:\\Users\\Brian\\AppData\\Local\\Temp\\\r\nUser: DESKTOP-IC9GOIC\\Brian\r\nLogonGuid: {b4526b9f-1389-6a83-ed15-070000000000}\r\nLogonId: 0x715ED\r\nTerminalSessionId: 1\r\nIntegrityLevel: High\r\nHashes: MD5=B0C2FA35D14A9FAD919E99D9D75E1B9E,SHA256=022CB167A29A32DAE848BE91AEF721C74F1975AF151807DAFCC5ED832DB246B7,IMPHASH=0235FF9A007804882636BCCCFB4D1A2F\r\nParentProcessGuid: {b4526b9f-18f7-6a83-c801-000000001100}\r\nParentProcessId: 8184\r\nParentImage: C:\\Windows\\System32\\cmd.exe\r\nParentCommandLine: \"cmd.exe\" /c C:\\Windows\\system32\\regsvr32.exe /s /u /i:\"C:\\AtomicRedTeam\\atomics\\T1218.010\\src\\RegSvr32.sct\" scrobj.dll\r\nParentUser: DESKTOP-IC9GOIC\\Brian\"",
                        "version": "5",
                        "systemTime": "2026-08-17T14:21:43.4149421Z",
                        "eventRecordID": "13748",
                        "threadID": "5188",
                        "computer": "DESKTOP-IC9GOIC",
                        "task": "1",
                        "processID": "2844",
                        "severityValue": "INFORMATION",
                        "providerName": "Microsoft-Windows-Sysmon"
                      }
                    }
                  },
                  "rule": {
                    "firedtimes": 1,
                    "mail": true,
                    "level": 12,
                    "description": "Regsvr32 ejecutando un scriptlet (.sct) vía scrobj.dll — patrón Squiblydoo de bypass de AppLocker/whitelisting, local o remoto",
                    "groups": [
                      "local",
                      "sysmon"
                    ],
                    "mitre": {
                      "technique": [
                        "Regsvr32"
                      ],
                      "id": [
                        "T1218.010"
                      ],
                      "tactic": [
                        "Defense Evasion"
                      ]
                    },
                    "id": "100040"
                  },
                  "decoder": {
                    "name": "windows_eventchannel"
                  },
                  "full_log": "{\"win\":{\"system\":{\"providerName\":\"Microsoft-Windows-Sysmon\",\"providerGuid\":\"{5770385f-c22a-43e0-bf4c-06f5698ffbd9}\",\"eventID\":\"1\",\"version\":\"5\",\"level\":\"4\",\"task\":\"1\",\"opcode\":\"0\",\"keywords\":\"0x8000000000000000\",\"systemTime\":\"2026-08-17T14:21:43.4149421Z\",\"eventRecordID\":\"13748\",\"processID\":\"2844\",\"threadID\":\"5188\",\"channel\":\"Microsoft-Windows-Sysmon/Operational\",\"computer\":\"DESKTOP-IC9GOIC\",\"severityValue\":\"INFORMATION\",\"message\":\"\\\"Process Create:\\r\\nRuleName: -\\r\\nUtcTime: 2026-08-17 14:21:43.408\\r\\nProcessGuid: {b4526b9f-18f7-6a83-ca01-000000001100}\\r\\nProcessId: 6608\\r\\nImage: C:\\\\Windows\\\\System32\\\\regsvr32.exe\\r\\nFileVersion: 10.0.19041.1 (WinBuild.160101.0800)\\r\\nDescription: Microsoft(C) Register Server\\r\\nProduct: Microsoft® Windows® Operating System\\r\\nCompany: Microsoft Corporation\\r\\nOriginalFileName: REGSVR32.EXE\\r\\nCommandLine: C:\\\\Windows\\\\system32\\\\regsvr32.exe  /s /u /i:\\\"C:\\\\AtomicRedTeam\\\\atomics\\\\T1218.010\\\\src\\\\RegSvr32.sct\\\" scrobj.dll\\r\\nCurrentDirectory: C:\\\\Users\\\\Brian\\\\AppData\\\\Local\\\\Temp\\\\\\r\\nUser: DESKTOP-IC9GOIC\\\\Brian\\r\\nLogonGuid: {b4526b9f-1389-6a83-ed15-070000000000}\\r\\nLogonId: 0x715ED\\r\\nTerminalSessionId: 1\\r\\nIntegrityLevel: High\\r\\nHashes: MD5=B0C2FA35D14A9FAD919E99D9D75E1B9E,SHA256=022CB167A29A32DAE848BE91AEF721C74F1975AF151807DAFCC5ED832DB246B7,IMPHASH=0235FF9A007804882636BCCCFB4D1A2F\\r\\nParentProcessGuid: {b4526b9f-18f7-6a83-c801-000000001100}\\r\\nParentProcessId: 8184\\r\\nParentImage: C:\\\\Windows\\\\System32\\\\cmd.exe\\r\\nParentCommandLine: \\\"cmd.exe\\\" /c C:\\\\Windows\\\\system32\\\\regsvr32.exe /s /u /i:\\\"C:\\\\AtomicRedTeam\\\\atomics\\\\T1218.010\\\\src\\\\RegSvr32.sct\\\" scrobj.dll\\r\\nParentUser: DESKTOP-IC9GOIC\\\\Brian\\\"\"},\"eventdata\":{\"utcTime\":\"2026-08-17 14:21:43.408\",\"processGuid\":\"{b4526b9f-18f7-6a83-ca01-000000001100}\",\"processId\":\"6608\",\"image\":\"C:\\\\\\\\Windows\\\\\\\\System32\\\\\\\\regsvr32.exe\",\"fileVersion\":\"10.0.19041.1 (WinBuild.160101.0800)\",\"description\":\"Microsoft(C) Register Server\",\"product\":\"Microsoft® Windows® Operating System\",\"company\":\"Microsoft Corporation\",\"originalFileName\":\"REGSVR32.EXE\",\"commandLine\":\"C:\\\\\\\\Windows\\\\\\\\system32\\\\\\\\regsvr32.exe  /s /u /i:\\\\\\\"C:\\\\\\\\AtomicRedTeam\\\\\\\\atomics\\\\\\\\T1218.010\\\\\\\\src\\\\\\\\RegSvr32.sct\\\\\\\" scrobj.dll\",\"currentDirectory\":\"C:\\\\\\\\Users\\\\\\\\Brian\\\\\\\\AppData\\\\\\\\Local\\\\\\\\Temp\\\\\\\\\",\"user\":\"DESKTOP-IC9GOIC\\\\\\\\Brian\",\"logonGuid\":\"{b4526b9f-1389-6a83-ed15-070000000000}\",\"logonId\":\"0x715ed\",\"terminalSessionId\":\"1\",\"integrityLevel\":\"High\",\"hashes\":\"MD5=B0C2FA35D14A9FAD919E99D9D75E1B9E,SHA256=022CB167A29A32DAE848BE91AEF721C74F1975AF151807DAFCC5ED832DB246B7,IMPHASH=0235FF9A007804882636BCCCFB4D1A2F\",\"parentProcessGuid\":\"{b4526b9f-18f7-6a83-c801-000000001100}\",\"parentProcessId\":\"8184\",\"parentImage\":\"C:\\\\\\\\Windows\\\\\\\\System32\\\\\\\\cmd.exe\",\"parentCommandLine\":\"\\\\\\\"cmd.exe\\\\\\\" /c C:\\\\\\\\Windows\\\\\\\\system32\\\\\\\\regsvr32.exe /s /u /i:\\\\\\\"C:\\\\\\\\AtomicRedTeam\\\\\\\\atomics\\\\\\\\T1218.010\\\\\\\\src\\\\\\\\RegSvr32.sct\\\\\\\" scrobj.dll\",\"parentUser\":\"DESKTOP-IC9GOIC\\\\\\\\Brian\"}}}",
                  "input": {
                    "type": "log"
                  },
                  "@timestamp": "2026-08-17T14:21:46.431Z",
                  "location": "EventChannel",
                  "id": "1786976506.1478927",
                  "timestamp": "2026-08-17T14:21:46.431+0000"
                },
                "sort": [
                  1786976506431
                ]
              },
